[2023-02-06 23:45:42] local.ERROR: SQLSTATE[HY000]: General error: 1364 Field 'username' doesn't have a default value (SQL: insert into `users` (`name`, `email`, `password`, `updated_at`, `created_at`) values (pecris123, pecris@pecris, $2y$10$rfE8WTjqdwmS8FWjsMV6v.JAuD1KEgTp4GdW8PXhOO2wmxeH48VBa, 2023-02-06 23:45:41, 2023-02-06 23:45:41)) {"userId":1,"exception":"[object] (Illuminate\\Database\\QueryException(code: HY000): SQLSTATE[HY000]: General error: 1364 Field 'username' doesn't have a default value (SQL: insert into `users` (`name`, `email`, `password`, `updated_at`, `created_at`) values (pecris123, pecris@pecris, $2y$10$rfE8WTjqdwmS8FWjsMV6v.JAuD1KEgTp4GdW8PXhOO2wmxeH48VBa, 2023-02-06 23:45:41, 2023-02-06 23:45:41)) at /home/aline/Área de Trabalho/Pecris/Atividade_CRUD/money_blog/vendor/laravel/framework/src/Illuminate/Database/Connection.php:760)
[stacktrace]
#0 /home/aline/Área de Trabalho/Pecris/Atividade_CRUD/money_blog/vendor/laravel/framework/src/Illuminate/Database/Connection.php(720): Illuminate\\Database\\Connection->runQueryCallback()
#1 /home/aline/Área de Trabalho/Pecris/Atividade_CRUD/money_blog/vendor/laravel/framework/src/Illuminate/Database/Connection.php(546): Illuminate\\Database\\Connection->run()
#2 /home/aline/Área de Trabalho/Pecris/Atividade_CRUD/money_blog/vendor/laravel/framework/src/Illuminate/Database/Connection.php(498): Illuminate\\Database\\Connection->statement()
#3 /home/aline/Área de Trabalho/Pecris/Atividade_CRUD/money_blog/vendor/laravel/framework/src/Illuminate/Database/Query/Processors/Processor.php(32): Illuminate\\Database\\Connection->insert()
#4 /home/aline/Área de Trabalho/Pecris/Atividade_CRUD/money_blog/vendor/laravel/framework/src/Illuminate/Database/Query/Builder.php(3272): Illuminate\\Database\\Query\\Processors\\Processor->processInsertGetId()
#5 /home/aline/Área de Trabalho/Pecris/Atividade_CRUD/money_blog/vendor/laravel/framework/src/Illuminate/Database/Eloquent/Builder.php(1869): Illuminate\\Database\\Query\\Builder->insertGetId()
#6 /home/aline/Área de Trabalho/Pecris/Atividade_CRUD/money_blog/vendor/laravel/framework/src/Illuminate/Database/Eloquent/Model.php(1320): Illuminate\\Database\\Eloquent\\Builder->__call()
#7 /home/aline/Área de Trabalho/Pecris/Atividade_CRUD/money_blog/vendor/laravel/framework/src/Illuminate/Database/Eloquent/Model.php(1285): Illuminate\\Database\\Eloquent\\Model->insertAndSetId()
#8 /home/aline/Área de Trabalho/Pecris/Atividade_CRUD/money_blog/vendor/laravel/framework/src/Illuminate/Database/Eloquent/Model.php(1128): Illuminate\\Database\\Eloquent\\Model->performInsert()
#9 /home/aline/Área de Trabalho/Pecris/Atividade_CRUD/money_blog/vendor/laravel/framework/src/Illuminate/Database/Eloquent/Builder.php(986): Illuminate\\Database\\Eloquent\\Model->save()
#10 /home/aline/Área de Trabalho/Pecris/Atividade_CRUD/money_blog/vendor/laravel/framework/src/Illuminate/Support/helpers.php(306): Illuminate\\Database\\Eloquent\\Builder->Illuminate\\Database\\Eloquent\\{closure}()
#11 /home/aline/Área de Trabalho/Pecris/Atividade_CRUD/money_blog/vendor/laravel/framework/src/Illuminate/Database/Eloquent/Builder.php(987): tap()
#12 /home/aline/Área de Trabalho/Pecris/Atividade_CRUD/money_blog/vendor/laravel/framework/src/Illuminate/Support/Traits/ForwardsCalls.php(23): Illuminate\\Database\\Eloquent\\Builder->create()
#13 /home/aline/Área de Trabalho/Pecris/Atividade_CRUD/money_blog/vendor/laravel/framework/src/Illuminate/Database/Eloquent/Model.php(2315): Illuminate\\Database\\Eloquent\\Model->forwardCallTo()
#14 /home/aline/Área de Trabalho/Pecris/Atividade_CRUD/money_blog/vendor/laravel/framework/src/Illuminate/Database/Eloquent/Model.php(2327): Illuminate\\Database\\Eloquent\\Model->__call()
#15 /home/aline/Área de Trabalho/Pecris/Atividade_CRUD/money_blog/app/Http/Controllers/Auth/RegisteredUserController.php(45): Illuminate\\Database\\Eloquent\\Model::__callStatic()
#16 /home/aline/Área de Trabalho/Pecris/Atividade_CRUD/money_blog/vendor/laravel/framework/src/Illuminate/Routing/Controller.php(54): App\\Http\\Controllers\\Auth\\RegisteredUserController->store()
#17 /home/aline/Área de Trabalho/Pecris/Atividade_CRUD/money_blog/vendor/laravel/framework/src/Illuminate/Routing/ControllerDispatcher.php(43): Illuminate\\Routing\\Controller->callAction()
#18 /home/aline/Área de Trabalho/Pecris/Atividade_CRUD/money_blog/vendor/laravel/framework/src/Illuminate/Routing/Route.php(260): Illuminate\\Routing\\ControllerDispatcher->dispatch()
#19 /home/aline/Área de Trabalho/Pecris/Atividade_CRUD/money_blog/vendor/laravel/framework/src/Illuminate/Routing/Route.php(205): Illuminate\\Routing\\Route->runController()
#20 /home/aline/Área de Trabalho/Pecris/Atividade_CRUD/money_blog/vendor/laravel/framework/src/Illuminate/Routing/Router.php(798): Illuminate\\Routing\\Route->run()
#21 /home/aline/Área de Trabalho/Pecris/Atividade_CRUD/money_blog/vendor/laravel/framework/src/Illuminate/Pipeline/Pipeline.php(141): Illuminate\\Routing\\Router->Illuminate\\Routing\\{closure}()
#22 /home/aline/Área de Trabalho/Pecris/Atividade_CRUD/money_blog/app/Http/Middleware/RedirectIfAuthenticated.php(30): Illuminate\\Pipeline\\Pipeline->Illuminate\\Pipeline\\{closure}()
#23 /home/aline/Área de Trabalho/Pecris/Atividade_CRUD/money_blog/vendor/laravel/framework/src/Illuminate/Pipeline/Pipeline.php(180): App\\Http\\Middleware\\RedirectIfAuthenticated->handle()
#24 /home/aline/Área de Trabalho/Pecris/Atividade_CRUD/money_blog/vendor/laravel/framework/src/Illuminate/Http/Middleware/AddLinkHeadersForPreloadedAssets.php(19): Illuminate\\Pipeline\\Pipeline->Illuminate\\Pipeline\\{closure}()
#25 /home/aline/Área de Trabalho/Pecris/Atividade_CRUD/money_blog/vendor/laravel/framework/src/Illuminate/Pipeline/Pipeline.php(180): Illuminate\\Http\\Middleware\\AddLinkHeadersForPreloadedAssets->handle()
#26 /home/aline/Área de Trabalho/Pecris/Atividade_CRUD/money_blog/vendor/inertiajs/inertia-laravel/src/Middleware.php(87): Illuminate\\Pipeline\\Pipeline->Illuminate\\Pipeline\\{closure}()
#27 /home/aline/Área de Trabalho/Pecris/Atividade_CRUD/money_blog/vendor/laravel/framework/src/Illuminate/Pipeline/Pipeline.php(180): Inertia\\Middleware->handle()
#28 /home/aline/Área de Trabalho/Pecris/Atividade_CRUD/money_blog/vendor/laravel/framework/src/Illuminate/Routing/Middleware/SubstituteBindings.php(50): Illuminate\\Pipeline\\Pipeline->Illuminate\\Pipeline\\{closure}()
#29 /home/aline/Área de Trabalho/Pecris/Atividade_CRUD/money_blog/vendor/laravel/framework/src/Illuminate/Pipeline/Pipeline.php(180): Illuminate\\Routing\\Middleware\\SubstituteBindings->handle()
#30 /home/aline/Área de Trabalho/Pecris/Atividade_CRUD/money_blog/vendor/laravel/framework/src/Illuminate/Foundation/Http/Middleware/VerifyCsrfToken.php(78): Illuminate\\Pipeline\\Pipeline->Illuminate\\Pipeline\\{closure}()
#31 /home/aline/Área de Trabalho/Pecris/Atividade_CRUD/money_blog/vendor/laravel/framework/src/Illuminate/Pipeline/Pipeline.php(180): Illuminate\\Foundation\\Http\\Middleware\\VerifyCsrfToken->handle()
#32 /home/aline/Área de Trabalho/Pecris/Atividade_CRUD/money_blog/vendor/laravel/framework/src/Illuminate/View/Middleware/ShareErrorsFromSession.php(49): Illuminate\\Pipeline\\Pipeline->Illuminate\\Pipeline\\{closure}()
#33 /home/aline/Área de Trabalho/Pecris/Atividade_CRUD/money_blog/vendor/laravel/framework/src/Illuminate/Pipeline/Pipeline.php(180): Illuminate\\View\\Middleware\\ShareErrorsFromSession->handle()
#34 /home/aline/Área de Trabalho/Pecris/Atividade_CRUD/money_blog/vendor/laravel/framework/src/Illuminate/Session/Middleware/StartSession.php(121): Illuminate\\Pipeline\\Pipeline->Illuminate\\Pipeline\\{closure}()
#35 /home/aline/Área de Trabalho/Pecris/Atividade_CRUD/money_blog/vendor/laravel/framework/src/Illuminate/Session/Middleware/StartSession.php(64): Illuminate\\Session\\Middleware\\StartSession->handleStatefulRequest()
#36 /home/aline/Área de Trabalho/Pecris/Atividade_CRUD/money_blog/vendor/laravel/framework/src/Illuminate/Pipeline/Pipeline.php(180): Illuminate\\Session\\Middleware\\StartSession->handle()
#37 /home/aline/Área de Trabalho/Pecris/Atividade_CRUD/money_blog/vendor/laravel/framework/src/Illuminate/Cookie/Middleware/AddQueuedCookiesToResponse.php(37): Illuminate\\Pipeline\\Pipeline->Illuminate\\Pipeline\\{closure}()
#38 /home/aline/Área de Trabalho/Pecris/Atividade_CRUD/money_blog/vendor/laravel/framework/src/Illuminate/Pipeline/Pipeline.php(180): Illuminate\\Cookie\\Middleware\\AddQueuedCookiesToResponse->handle()
#39 /home/aline/Área de Trabalho/Pecris/Atividade_CRUD/money_blog/vendor/laravel/framework/src/Illuminate/Cookie/Middleware/EncryptCookies.php(67): Illuminate\\Pipeline\\Pipeline->Illuminate\\Pipeline\\{closure}()
#40 /home/aline/Área de Trabalho/Pecris/Atividade_CRUD/money_blog/vendor/laravel/framework/src/Illuminate/Pipeline/Pipeline.php(180): Illuminate\\Cookie\\Middleware\\EncryptCookies->handle()
#41 /home/aline/Área de Trabalho/Pecris/Atividade_CRUD/money_blog/vendor/laravel/framework/src/Illuminate/Pipeline/Pipeline.php(116): Illuminate\\Pipeline\\Pipeline->Illuminate\\Pipeline\\{closure}()
#42 /home/aline/Área de Trabalho/Pecris/Atividade_CRUD/money_blog/vendor/laravel/framework/src/Illuminate/Routing/Router.php(799): Illuminate\\Pipeline\\Pipeline->then()
#43 /home/aline/Área de Trabalho/Pecris/Atividade_CRUD/money_blog/vendor/laravel/framework/src/Illuminate/Routing/Router.php(776): Illuminate\\Routing\\Router->runRouteWithinStack()
#44 /home/aline/Área de Trabalho/Pecris/Atividade_CRUD/money_blog/vendor/laravel/framework/src/Illuminate/Routing/Router.php(740): Illuminate\\Routing\\Router->runRoute()
#45 /home/aline/Área de Trabalho/Pecris/Atividade_CRUD/money_blog/vendor/laravel/framework/src/Illuminate/Routing/Router.php(729): Illuminate\\Routing\\Router->dispatchToRoute()
#46 /home/aline/Área de Trabalho/Pecris/Atividade_CRUD/money_blog/vendor/laravel/framework/src/Illuminate/Foundation/Http/Kernel.php(190): Illuminate\\Routing\\Router->dispatch()
#47 /home/aline/Área de Trabalho/Pecris/Atividade_CRUD/money_blog/vendor/laravel/framework/src/Illuminate/Pipeline/Pipeline.php(141): Illuminate\\Foundation\\Http\\Kernel->Illuminate\\Foundation\\Http\\{closure}()
#48 /home/aline/Área de Trabalho/Pecris/Atividade_CRUD/money_blog/vendor/laravel/framework/src/Illuminate/Foundation/Http/Middleware/TransformsRequest.php(21): Illuminate\\Pipeline\\Pipeline->Illuminate\\Pipeline\\{closure}()
#49 /home/aline/Área de Trabalho/Pecris/Atividade_CRUD/money_blog/vendor/laravel/framework/src/Illuminate/Foundation/Http/Middleware/ConvertEmptyStringsToNull.php(31): Illuminate\\Foundation\\Http\\Middleware\\TransformsRequest->handle()
#50 /home/aline/Área de Trabalho/Pecris/Atividade_CRUD/money_blog/vendor/laravel/framework/src/Illuminate/Pipeline/Pipeline.php(180): Illuminate\\Foundation\\Http\\Middleware\\ConvertEmptyStringsToNull->handle()
#51 /home/aline/Área de Trabalho/Pecris/Atividade_CRUD/money_blog/vendor/laravel/framework/src/Illuminate/Foundation/Http/Middleware/TransformsRequest.php(21): Illuminate\\Pipeline\\Pipeline->Illuminate\\Pipeline\\{closure}()
#52 /home/aline/Área de Trabalho/Pecris/Atividade_CRUD/money_blog/vendor/laravel/framework/src/Illuminate/Foundation/Http/Middleware/TrimStrings.php(40): Illuminate\\Foundation\\Http\\Middleware\\TransformsRequest->handle()
#53 /home/aline/Área de Trabalho/Pecris/Atividade_CRUD/money_blog/vendor/laravel/framework/src/Illuminate/Pipeline/Pipeline.php(180): Illuminate\\Foundation\\Http\\Middleware\\TrimStrings->handle()
#54 /home/aline/Área de Trabalho/Pecris/Atividade_CRUD/money_blog/vendor/laravel/framework/src/Illuminate/Foundation/Http/Middleware/ValidatePostSize.php(27): Illuminate\\Pipeline\\Pipeline->Illuminate\\Pipeline\\{closure}()
#55 /home/aline/Área de Trabalho/Pecris/Atividade_CRUD/money_blog/vendor/laravel/framework/src/Illuminate/Pipeline/Pipeline.php(180): Illuminate\\Foundation\\Http\\Middleware\\ValidatePostSize->handle()
#56 /home/aline/Área de Trabalho/Pecris/Atividade_CRUD/money_blog/vendor/laravel/framework/src/Illuminate/Foundation/Http/Middleware/PreventRequestsDuringMaintenance.php(86): Illuminate\\Pipeline\\Pipeline->Illuminate\\Pipeline\\{closure}()
#57 /home/aline/Área de Trabalho/Pecris/Atividade_CRUD/money_blog/vendor/laravel/framework/src/Illuminate/Pipeline/Pipeline.php(180): Illuminate\\Foundation\\Http\\Middleware\\PreventRequestsDuringMaintenance->handle()
#58 /home/aline/Área de Trabalho/Pecris/Atividade_CRUD/money_blog/vendor/laravel/framework/src/Illuminate/Http/Middleware/HandleCors.php(49): Illuminate\\Pipeline\\Pipeline->Illuminate\\Pipeline\\{closure}()
#59 /home/aline/Área de Trabalho/Pecris/Atividade_CRUD/money_blog/vendor/laravel/framework/src/Illuminate/Pipeline/Pipeline.php(180): Illuminate\\Http\\Middleware\\HandleCors->handle()
#60 /home/aline/Área de Trabalho/Pecris/Atividade_CRUD/money_blog/vendor/laravel/framework/src/Illuminate/Http/Middleware/TrustProxies.php(39): Illuminate\\Pipeline\\Pipeline->Illuminate\\Pipeline\\{closure}()
#61 /home/aline/Área de Trabalho/Pecris/Atividade_CRUD/money_blog/vendor/laravel/framework/src/Illuminate/Pipeline/Pipeline.php(180): Illuminate\\Http\\Middleware\\TrustProxies->handle()
#62 /home/aline/Área de Trabalho/Pecris/Atividade_CRUD/money_blog/vendor/laravel/framework/src/Illuminate/Pipeline/Pipeline.php(116): Illuminate\\Pipeline\\Pipeline->Illuminate\\Pipeline\\{closure}()
#63 /home/aline/Área de Trabalho/Pecris/Atividade_CRUD/money_blog/vendor/laravel/framework/src/Illuminate/Foundation/Http/Kernel.php(165): Illuminate\\Pipeline\\Pipeline->then()
#64 /home/aline/Área de Trabalho/Pecris/Atividade_CRUD/money_blog/vendor/laravel/framework/src/Illuminate/Foundation/Http/Kernel.php(134): Illuminate\\Foundation\\Http\\Kernel->sendRequestThroughRouter()
#65 /home/aline/Área de Trabalho/Pecris/Atividade_CRUD/money_blog/public/index.php(52): Illuminate\\Foundation\\Http\\Kernel->handle()
#66 /home/aline/Área de Trabalho/Pecris/Atividade_CRUD/money_blog/vendor/laravel/framework/src/Illuminate/Foundation/resources/server.php(16): require_once('...')
#67 {main}

[previous exception] [object] (PDOException(code: HY000): SQLSTATE[HY000]: General error: 1364 Field 'username' doesn't have a default value at /home/aline/Área de Trabalho/Pecris/Atividade_CRUD/money_blog/vendor/laravel/framework/src/Illuminate/Database/Connection.php:545)
[stacktrace]
#0 /home/aline/Área de Trabalho/Pecris/Atividade_CRUD/money_blog/vendor/laravel/framework/src/Illuminate/Database/Connection.php(545): PDOStatement->execute()
#1 /home/aline/Área de Trabalho/Pecris/Atividade_CRUD/money_blog/vendor/laravel/framework/src/Illuminate/Database/Connection.php(753): Illuminate\\Database\\Connection->Illuminate\\Database\\{closure}()
#2 /home/aline/Área de Trabalho/Pecris/Atividade_CRUD/money_blog/vendor/laravel/framework/src/Illuminate/Database/Connection.php(720): Illuminate\\Database\\Connection->runQueryCallback()
#3 /home/aline/Área de Trabalho/Pecris/Atividade_CRUD/money_blog/vendor/laravel/framework/src/Illuminate/Database/Connection.php(546): Illuminate\\Database\\Connection->run()
#4 /home/aline/Área de Trabalho/Pecris/Atividade_CRUD/money_blog/vendor/laravel/framework/src/Illuminate/Database/Connection.php(498): Illuminate\\Database\\Connection->statement()
#5 /home/aline/Área de Trabalho/Pecris/Atividade_CRUD/money_blog/vendor/laravel/framework/src/Illuminate/Database/Query/Processors/Processor.php(32): Illuminate\\Database\\Connection->insert()
#6 /home/aline/Área de Trabalho/Pecris/Atividade_CRUD/money_blog/vendor/laravel/framework/src/Illuminate/Database/Query/Builder.php(3272): Illuminate\\Database\\Query\\Processors\\Processor->processInsertGetId()
#7 /home/aline/Área de Trabalho/Pecris/Atividade_CRUD/money_blog/vendor/laravel/framework/src/Illuminate/Database/Eloquent/Builder.php(1869): Illuminate\\Database\\Query\\Builder->insertGetId()
#8 /home/aline/Área de Trabalho/Pecris/Atividade_CRUD/money_blog/vendor/laravel/framework/src/Illuminate/Database/Eloquent/Model.php(1320): Illuminate\\Database\\Eloquent\\Builder->__call()
#9 /home/aline/Área de Trabalho/Pecris/Atividade_CRUD/money_blog/vendor/laravel/framework/src/Illuminate/Database/Eloquent/Model.php(1285): Illuminate\\Database\\Eloquent\\Model->insertAndSetId()
#10 /home/aline/Área de Trabalho/Pecris/Atividade_CRUD/money_blog/vendor/laravel/framework/src/Illuminate/Database/Eloquent/Model.php(1128): Illuminate\\Database\\Eloquent\\Model->performInsert()
#11 /home/aline/Área de Trabalho/Pecris/Atividade_CRUD/money_blog/vendor/laravel/framework/src/Illuminate/Database/Eloquent/Builder.php(986): Illuminate\\Database\\Eloquent\\Model->save()
#12 /home/aline/Área de Trabalho/Pecris/Atividade_CRUD/money_blog/vendor/laravel/framework/src/Illuminate/Support/helpers.php(306): Illuminate\\Database\\Eloquent\\Builder->Illuminate\\Database\\Eloquent\\{closure}()
#13 /home/aline/Área de Trabalho/Pecris/Atividade_CRUD/money_blog/vendor/laravel/framework/src/Illuminate/Database/Eloquent/Builder.php(987): tap()
#14 /home/aline/Área de Trabalho/Pecris/Atividade_CRUD/money_blog/vendor/laravel/framework/src/Illuminate/Support/Traits/ForwardsCalls.php(23): Illuminate\\Database\\Eloquent\\Builder->create()
#15 /home/aline/Área de Trabalho/Pecris/Atividade_CRUD/money_blog/vendor/laravel/framework/src/Illuminate/Database/Eloquent/Model.php(2315): Illuminate\\Database\\Eloquent\\Model->forwardCallTo()
#16 /home/aline/Área de Trabalho/Pecris/Atividade_CRUD/money_blog/vendor/laravel/framework/src/Illuminate/Database/Eloquent/Model.php(2327): Illuminate\\Database\\Eloquent\\Model->__call()
#17 /home/aline/Área de Trabalho/Pecris/Atividade_CRUD/money_blog/app/Http/Controllers/Auth/RegisteredUserController.php(45): Illuminate\\Database\\Eloquent\\Model::__callStatic()
#18 /home/aline/Área de Trabalho/Pecris/Atividade_CRUD/money_blog/vendor/laravel/framework/src/Illuminate/Routing/Controller.php(54): App\\Http\\Controllers\\Auth\\RegisteredUserController->store()
#19 /home/aline/Área de Trabalho/Pecris/Atividade_CRUD/money_blog/vendor/laravel/framework/src/Illuminate/Routing/ControllerDispatcher.php(43): Illuminate\\Routing\\Controller->callAction()
#20 /home/aline/Área de Trabalho/Pecris/Atividade_CRUD/money_blog/vendor/laravel/framework/src/Illuminate/Routing/Route.php(260): Illuminate\\Routing\\ControllerDispatcher->dispatch()
#21 /home/aline/Área de Trabalho/Pecris/Atividade_CRUD/money_blog/vendor/laravel/framework/src/Illuminate/Routing/Route.php(205): Illuminate\\Routing\\Route->runController()
#22 /home/aline/Área de Trabalho/Pecris/Atividade_CRUD/money_blog/vendor/laravel/framework/src/Illuminate/Routing/Router.php(798): Illuminate\\Routing\\Route->run()
#23 /home/aline/Área de Trabalho/Pecris/Atividade_CRUD/money_blog/vendor/laravel/framework/src/Illuminate/Pipeline/Pipeline.php(141): Illuminate\\Routing\\Router->Illuminate\\Routing\\{closure}()
#24 /home/aline/Área de Trabalho/Pecris/Atividade_CRUD/money_blog/app/Http/Middleware/RedirectIfAuthenticated.php(30): Illuminate\\Pipeline\\Pipeline->Illuminate\\Pipeline\\{closure}()
#25 /home/aline/Área de Trabalho/Pecris/Atividade_CRUD/money_blog/vendor/laravel/framework/src/Illuminate/Pipeline/Pipeline.php(180): App\\Http\\Middleware\\RedirectIfAuthenticated->handle()
#26 /home/aline/Área de Trabalho/Pecris/Atividade_CRUD/money_blog/vendor/laravel/framework/src/Illuminate/Http/Middleware/AddLinkHeadersForPreloadedAssets.php(19): Illuminate\\Pipeline\\Pipeline->Illuminate\\Pipeline\\{closure}()
#27 /home/aline/Área de Trabalho/Pecris/Atividade_CRUD/money_blog/vendor/laravel/framework/src/Illuminate/Pipeline/Pipeline.php(180): Illuminate\\Http\\Middleware\\AddLinkHeadersForPreloadedAssets->handle()
#28 /home/aline/Área de Trabalho/Pecris/Atividade_CRUD/money_blog/vendor/inertiajs/inertia-laravel/src/Middleware.php(87): Illuminate\\Pipeline\\Pipeline->Illuminate\\Pipeline\\{closure}()
#29 /home/aline/Área de Trabalho/Pecris/Atividade_CRUD/money_blog/vendor/laravel/framework/src/Illuminate/Pipeline/Pipeline.php(180): Inertia\\Middleware->handle()
#30 /home/aline/Área de Trabalho/Pecris/Atividade_CRUD/money_blog/vendor/laravel/framework/src/Illuminate/Routing/Middleware/SubstituteBindings.php(50): Illuminate\\Pipeline\\Pipeline->Illuminate\\Pipeline\\{closure}()
#31 /home/aline/Área de Trabalho/Pecris/Atividade_CRUD/money_blog/vendor/laravel/framework/src/Illuminate/Pipeline/Pipeline.php(180): Illuminate\\Routing\\Middleware\\SubstituteBindings->handle()
#32 /home/aline/Área de Trabalho/Pecris/Atividade_CRUD/money_blog/vendor/laravel/framework/src/Illuminate/Foundation/Http/Middleware/VerifyCsrfToken.php(78): Illuminate\\Pipeline\\Pipeline->Illuminate\\Pipeline\\{closure}()
#33 /home/aline/Área de Trabalho/Pecris/Atividade_CRUD/money_blog/vendor/laravel/framework/src/Illuminate/Pipeline/Pipeline.php(180): Illuminate\\Foundation\\Http\\Middleware\\VerifyCsrfToken->handle()
#34 /home/aline/Área de Trabalho/Pecris/Atividade_CRUD/money_blog/vendor/laravel/framework/src/Illuminate/View/Middleware/ShareErrorsFromSession.php(49): Illuminate\\Pipeline\\Pipeline->Illuminate\\Pipeline\\{closure}()
#35 /home/aline/Área de Trabalho/Pecris/Atividade_CRUD/money_blog/vendor/laravel/framework/src/Illuminate/Pipeline/Pipeline.php(180): Illuminate\\View\\Middleware\\ShareErrorsFromSession->handle()
#36 /home/aline/Área de Trabalho/Pecris/Atividade_CRUD/money_blog/vendor/laravel/framework/src/Illuminate/Session/Middleware/StartSession.php(121): Illuminate\\Pipeline\\Pipeline->Illuminate\\Pipeline\\{closure}()
#37 /home/aline/Área de Trabalho/Pecris/Atividade_CRUD/money_blog/vendor/laravel/framework/src/Illuminate/Session/Middleware/StartSession.php(64): Illuminate\\Session\\Middleware\\StartSession->handleStatefulRequest()
#38 /home/aline/Área de Trabalho/Pecris/Atividade_CRUD/money_blog/vendor/laravel/framework/src/Illuminate/Pipeline/Pipeline.php(180): Illuminate\\Session\\Middleware\\StartSession->handle()
#39 /home/aline/Área de Trabalho/Pecris/Atividade_CRUD/money_blog/vendor/laravel/framework/src/Illuminate/Cookie/Middleware/AddQueuedCookiesToResponse.php(37): Illuminate\\Pipeline\\Pipeline->Illuminate\\Pipeline\\{closure}()
#40 /home/aline/Área de Trabalho/Pecris/Atividade_CRUD/money_blog/vendor/laravel/framework/src/Illuminate/Pipeline/Pipeline.php(180): Illuminate\\Cookie\\Middleware\\AddQueuedCookiesToResponse->handle()
#41 /home/aline/Área de Trabalho/Pecris/Atividade_CRUD/money_blog/vendor/laravel/framework/src/Illuminate/Cookie/Middleware/EncryptCookies.php(67): Illuminate\\Pipeline\\Pipeline->Illuminate\\Pipeline\\{closure}()
#42 /home/aline/Área de Trabalho/Pecris/Atividade_CRUD/money_blog/vendor/laravel/framework/src/Illuminate/Pipeline/Pipeline.php(180): Illuminate\\Cookie\\Middleware\\EncryptCookies->handle()
#43 /home/aline/Área de Trabalho/Pecris/Atividade_CRUD/money_blog/vendor/laravel/framework/src/Illuminate/Pipeline/Pipeline.php(116): Illuminate\\Pipeline\\Pipeline->Illuminate\\Pipeline\\{closure}()
#44 /home/aline/Área de Trabalho/Pecris/Atividade_CRUD/money_blog/vendor/laravel/framework/src/Illuminate/Routing/Router.php(799): Illuminate\\Pipeline\\Pipeline->then()
#45 /home/aline/Área de Trabalho/Pecris/Atividade_CRUD/money_blog/vendor/laravel/framework/src/Illuminate/Routing/Router.php(776): Illuminate\\Routing\\Router->runRouteWithinStack()
#46 /home/aline/Área de Trabalho/Pecris/Atividade_CRUD/money_blog/vendor/laravel/framework/src/Illuminate/Routing/Router.php(740): Illuminate\\Routing\\Router->runRoute()
#47 /home/aline/Área de Trabalho/Pecris/Atividade_CRUD/money_blog/vendor/laravel/framework/src/Illuminate/Routing/Router.php(729): Illuminate\\Routing\\Router->dispatchToRoute()
#48 /home/aline/Área de Trabalho/Pecris/Atividade_CRUD/money_blog/vendor/laravel/framework/src/Illuminate/Foundation/Http/Kernel.php(190): Illuminate\\Routing\\Router->dispatch()
#49 /home/aline/Área de Trabalho/Pecris/Atividade_CRUD/money_blog/vendor/laravel/framework/src/Illuminate/Pipeline/Pipeline.php(141): Illuminate\\Foundation\\Http\\Kernel->Illuminate\\Foundation\\Http\\{closure}()
#50 /home/aline/Área de Trabalho/Pecris/Atividade_CRUD/money_blog/vendor/laravel/framework/src/Illuminate/Foundation/Http/Middleware/TransformsRequest.php(21): Illuminate\\Pipeline\\Pipeline->Illuminate\\Pipeline\\{closure}()
#51 /home/aline/Área de Trabalho/Pecris/Atividade_CRUD/money_blog/vendor/laravel/framework/src/Illuminate/Foundation/Http/Middleware/ConvertEmptyStringsToNull.php(31): Illuminate\\Foundation\\Http\\Middleware\\TransformsRequest->handle()
#52 /home/aline/Área de Trabalho/Pecris/Atividade_CRUD/money_blog/vendor/laravel/framework/src/Illuminate/Pipeline/Pipeline.php(180): Illuminate\\Foundation\\Http\\Middleware\\ConvertEmptyStringsToNull->handle()
#53 /home/aline/Área de Trabalho/Pecris/Atividade_CRUD/money_blog/vendor/laravel/framework/src/Illuminate/Foundation/Http/Middleware/TransformsRequest.php(21): Illuminate\\Pipeline\\Pipeline->Illuminate\\Pipeline\\{closure}()
#54 /home/aline/Área de Trabalho/Pecris/Atividade_CRUD/money_blog/vendor/laravel/framework/src/Illuminate/Foundation/Http/Middleware/TrimStrings.php(40): Illuminate\\Foundation\\Http\\Middleware\\TransformsRequest->handle()
#55 /home/aline/Área de Trabalho/Pecris/Atividade_CRUD/money_blog/vendor/laravel/framework/src/Illuminate/Pipeline/Pipeline.php(180): Illuminate\\Foundation\\Http\\Middleware\\TrimStrings->handle()
#56 /home/aline/Área de Trabalho/Pecris/Atividade_CRUD/money_blog/vendor/laravel/framework/src/Illuminate/Foundation/Http/Middleware/ValidatePostSize.php(27): Illuminate\\Pipeline\\Pipeline->Illuminate\\Pipeline\\{closure}()
#57 /home/aline/Área de Trabalho/Pecris/Atividade_CRUD/money_blog/vendor/laravel/framework/src/Illuminate/Pipeline/Pipeline.php(180): Illuminate\\Foundation\\Http\\Middleware\\ValidatePostSize->handle()
#58 /home/aline/Área de Trabalho/Pecris/Atividade_CRUD/money_blog/vendor/laravel/framework/src/Illuminate/Foundation/Http/Middleware/PreventRequestsDuringMaintenance.php(86): Illuminate\\Pipeline\\Pipeline->Illuminate\\Pipeline\\{closure}()
#59 /home/aline/Área de Trabalho/Pecris/Atividade_CRUD/money_blog/vendor/laravel/framework/src/Illuminate/Pipeline/Pipeline.php(180): Illuminate\\Foundation\\Http\\Middleware\\PreventRequestsDuringMaintenance->handle()
#60 /home/aline/Área de Trabalho/Pecris/Atividade_CRUD/money_blog/vendor/laravel/framework/src/Illuminate/Http/Middleware/HandleCors.php(49): Illuminate\\Pipeline\\Pipeline->Illuminate\\Pipeline\\{closure}()
#61 /home/aline/Área de Trabalho/Pecris/Atividade_CRUD/money_blog/vendor/laravel/framework/src/Illuminate/Pipeline/Pipeline.php(180): Illuminate\\Http\\Middleware\\HandleCors->handle()
#62 /home/aline/Área de Trabalho/Pecris/Atividade_CRUD/money_blog/vendor/laravel/framework/src/Illuminate/Http/Middleware/TrustProxies.php(39): Illuminate\\Pipeline\\Pipeline->Illuminate\\Pipeline\\{closure}()
#63 /home/aline/Área de Trabalho/Pecris/Atividade_CRUD/money_blog/vendor/laravel/framework/src/Illuminate/Pipeline/Pipeline.php(180): Illuminate\\Http\\Middleware\\TrustProxies->handle()
#64 /home/aline/Área de Trabalho/Pecris/Atividade_CRUD/money_blog/vendor/laravel/framework/src/Illuminate/Pipeline/Pipeline.php(116): Illuminate\\Pipeline\\Pipeline->Illuminate\\Pipeline\\{closure}()
#65 /home/aline/Área de Trabalho/Pecris/Atividade_CRUD/money_blog/vendor/laravel/framework/src/Illuminate/Foundation/Http/Kernel.php(165): Illuminate\\Pipeline\\Pipeline->then()
#66 /home/aline/Área de Trabalho/Pecris/Atividade_CRUD/money_blog/vendor/laravel/framework/src/Illuminate/Foundation/Http/Kernel.php(134): Illuminate\\Foundation\\Http\\Kernel->sendRequestThroughRouter()
#67 /home/aline/Área de Trabalho/Pecris/Atividade_CRUD/money_blog/public/index.php(52): Illuminate\\Foundation\\Http\\Kernel->handle()
#68 /home/aline/Área de Trabalho/Pecris/Atividade_CRUD/money_blog/vendor/laravel/framework/src/Illuminate/Foundation/resources/server.php(16): require_once('...')
#69 {main}
"} 
[2023-02-06 23:50:39] local.ERROR: SQLSTATE[HY000]: General error: 1364 Field 'username' doesn't have a default value (SQL: insert into `users` (`name`, `email`, `password`, `updated_at`, `created_at`) values (morgana, morgana@pecris, $2y$10$N9PwySQxDVTCklxEeGGX4erQ3b6se7gu1/o22GOfOuv4awSHm0hXm, 2023-02-06 23:50:38, 2023-02-06 23:50:38)) {"userId":1,"exception":"[object] (Illuminate\\Database\\QueryException(code: HY000): SQLSTATE[HY000]: General error: 1364 Field 'username' doesn't have a default value (SQL: insert into `users` (`name`, `email`, `password`, `updated_at`, `created_at`) values (morgana, morgana@pecris, $2y$10$N9PwySQxDVTCklxEeGGX4erQ3b6se7gu1/o22GOfOuv4awSHm0hXm, 2023-02-06 23:50:38, 2023-02-06 23:50:38)) at /home/aline/Área de Trabalho/Pecris/Atividade_CRUD/money_blog/vendor/laravel/framework/src/Illuminate/Database/Connection.php:760)
[stacktrace]
#0 /home/aline/Área de Trabalho/Pecris/Atividade_CRUD/money_blog/vendor/laravel/framework/src/Illuminate/Database/Connection.php(720): Illuminate\\Database\\Connection->runQueryCallback()
#1 /home/aline/Área de Trabalho/Pecris/Atividade_CRUD/money_blog/vendor/laravel/framework/src/Illuminate/Database/Connection.php(546): Illuminate\\Database\\Connection->run()
#2 /home/aline/Área de Trabalho/Pecris/Atividade_CRUD/money_blog/vendor/laravel/framework/src/Illuminate/Database/Connection.php(498): Illuminate\\Database\\Connection->statement()
#3 /home/aline/Área de Trabalho/Pecris/Atividade_CRUD/money_blog/vendor/laravel/framework/src/Illuminate/Database/Query/Processors/Processor.php(32): Illuminate\\Database\\Connection->insert()
#4 /home/aline/Área de Trabalho/Pecris/Atividade_CRUD/money_blog/vendor/laravel/framework/src/Illuminate/Database/Query/Builder.php(3272): Illuminate\\Database\\Query\\Processors\\Processor->processInsertGetId()
#5 /home/aline/Área de Trabalho/Pecris/Atividade_CRUD/money_blog/vendor/laravel/framework/src/Illuminate/Database/Eloquent/Builder.php(1869): Illuminate\\Database\\Query\\Builder->insertGetId()
#6 /home/aline/Área de Trabalho/Pecris/Atividade_CRUD/money_blog/vendor/laravel/framework/src/Illuminate/Database/Eloquent/Model.php(1320): Illuminate\\Database\\Eloquent\\Builder->__call()
#7 /home/aline/Área de Trabalho/Pecris/Atividade_CRUD/money_blog/vendor/laravel/framework/src/Illuminate/Database/Eloquent/Model.php(1285): Illuminate\\Database\\Eloquent\\Model->insertAndSetId()
#8 /home/aline/Área de Trabalho/Pecris/Atividade_CRUD/money_blog/vendor/laravel/framework/src/Illuminate/Database/Eloquent/Model.php(1128): Illuminate\\Database\\Eloquent\\Model->performInsert()
#9 /home/aline/Área de Trabalho/Pecris/Atividade_CRUD/money_blog/vendor/laravel/framework/src/Illuminate/Database/Eloquent/Builder.php(986): Illuminate\\Database\\Eloquent\\Model->save()
#10 /home/aline/Área de Trabalho/Pecris/Atividade_CRUD/money_blog/vendor/laravel/framework/src/Illuminate/Support/helpers.php(306): Illuminate\\Database\\Eloquent\\Builder->Illuminate\\Database\\Eloquent\\{closure}()
#11 /home/aline/Área de Trabalho/Pecris/Atividade_CRUD/money_blog/vendor/laravel/framework/src/Illuminate/Database/Eloquent/Builder.php(987): tap()
#12 /home/aline/Área de Trabalho/Pecris/Atividade_CRUD/money_blog/vendor/laravel/framework/src/Illuminate/Support/Traits/ForwardsCalls.php(23): Illuminate\\Database\\Eloquent\\Builder->create()
#13 /home/aline/Área de Trabalho/Pecris/Atividade_CRUD/money_blog/vendor/laravel/framework/src/Illuminate/Database/Eloquent/Model.php(2315): Illuminate\\Database\\Eloquent\\Model->forwardCallTo()
#14 /home/aline/Área de Trabalho/Pecris/Atividade_CRUD/money_blog/vendor/laravel/framework/src/Illuminate/Database/Eloquent/Model.php(2327): Illuminate\\Database\\Eloquent\\Model->__call()
#15 /home/aline/Área de Trabalho/Pecris/Atividade_CRUD/money_blog/app/Http/Controllers/Auth/RegisteredUserController.php(45): Illuminate\\Database\\Eloquent\\Model::__callStatic()
#16 /home/aline/Área de Trabalho/Pecris/Atividade_CRUD/money_blog/vendor/laravel/framework/src/Illuminate/Routing/Controller.php(54): App\\Http\\Controllers\\Auth\\RegisteredUserController->store()
#17 /home/aline/Área de Trabalho/Pecris/Atividade_CRUD/money_blog/vendor/laravel/framework/src/Illuminate/Routing/ControllerDispatcher.php(43): Illuminate\\Routing\\Controller->callAction()
#18 /home/aline/Área de Trabalho/Pecris/Atividade_CRUD/money_blog/vendor/laravel/framework/src/Illuminate/Routing/Route.php(260): Illuminate\\Routing\\ControllerDispatcher->dispatch()
#19 /home/aline/Área de Trabalho/Pecris/Atividade_CRUD/money_blog/vendor/laravel/framework/src/Illuminate/Routing/Route.php(205): Illuminate\\Routing\\Route->runController()
#20 /home/aline/Área de Trabalho/Pecris/Atividade_CRUD/money_blog/vendor/laravel/framework/src/Illuminate/Routing/Router.php(798): Illuminate\\Routing\\Route->run()
#21 /home/aline/Área de Trabalho/Pecris/Atividade_CRUD/money_blog/vendor/laravel/framework/src/Illuminate/Pipeline/Pipeline.php(141): Illuminate\\Routing\\Router->Illuminate\\Routing\\{closure}()
#22 /home/aline/Área de Trabalho/Pecris/Atividade_CRUD/money_blog/app/Http/Middleware/RedirectIfAuthenticated.php(30): Illuminate\\Pipeline\\Pipeline->Illuminate\\Pipeline\\{closure}()
#23 /home/aline/Área de Trabalho/Pecris/Atividade_CRUD/money_blog/vendor/laravel/framework/src/Illuminate/Pipeline/Pipeline.php(180): App\\Http\\Middleware\\RedirectIfAuthenticated->handle()
#24 /home/aline/Área de Trabalho/Pecris/Atividade_CRUD/money_blog/vendor/laravel/framework/src/Illuminate/Http/Middleware/AddLinkHeadersForPreloadedAssets.php(19): Illuminate\\Pipeline\\Pipeline->Illuminate\\Pipeline\\{closure}()
#25 /home/aline/Área de Trabalho/Pecris/Atividade_CRUD/money_blog/vendor/laravel/framework/src/Illuminate/Pipeline/Pipeline.php(180): Illuminate\\Http\\Middleware\\AddLinkHeadersForPreloadedAssets->handle()
#26 /home/aline/Área de Trabalho/Pecris/Atividade_CRUD/money_blog/vendor/inertiajs/inertia-laravel/src/Middleware.php(87): Illuminate\\Pipeline\\Pipeline->Illuminate\\Pipeline\\{closure}()
#27 /home/aline/Área de Trabalho/Pecris/Atividade_CRUD/money_blog/vendor/laravel/framework/src/Illuminate/Pipeline/Pipeline.php(180): Inertia\\Middleware->handle()
#28 /home/aline/Área de Trabalho/Pecris/Atividade_CRUD/money_blog/vendor/laravel/framework/src/Illuminate/Routing/Middleware/SubstituteBindings.php(50): Illuminate\\Pipeline\\Pipeline->Illuminate\\Pipeline\\{closure}()
#29 /home/aline/Área de Trabalho/Pecris/Atividade_CRUD/money_blog/vendor/laravel/framework/src/Illuminate/Pipeline/Pipeline.php(180): Illuminate\\Routing\\Middleware\\SubstituteBindings->handle()
#30 /home/aline/Área de Trabalho/Pecris/Atividade_CRUD/money_blog/vendor/laravel/framework/src/Illuminate/Foundation/Http/Middleware/VerifyCsrfToken.php(78): Illuminate\\Pipeline\\Pipeline->Illuminate\\Pipeline\\{closure}()
#31 /home/aline/Área de Trabalho/Pecris/Atividade_CRUD/money_blog/vendor/laravel/framework/src/Illuminate/Pipeline/Pipeline.php(180): Illuminate\\Foundation\\Http\\Middleware\\VerifyCsrfToken->handle()
#32 /home/aline/Área de Trabalho/Pecris/Atividade_CRUD/money_blog/vendor/laravel/framework/src/Illuminate/View/Middleware/ShareErrorsFromSession.php(49): Illuminate\\Pipeline\\Pipeline->Illuminate\\Pipeline\\{closure}()
#33 /home/aline/Área de Trabalho/Pecris/Atividade_CRUD/money_blog/vendor/laravel/framework/src/Illuminate/Pipeline/Pipeline.php(180): Illuminate\\View\\Middleware\\ShareErrorsFromSession->handle()
#34 /home/aline/Área de Trabalho/Pecris/Atividade_CRUD/money_blog/vendor/laravel/framework/src/Illuminate/Session/Middleware/StartSession.php(121): Illuminate\\Pipeline\\Pipeline->Illuminate\\Pipeline\\{closure}()
#35 /home/aline/Área de Trabalho/Pecris/Atividade_CRUD/money_blog/vendor/laravel/framework/src/Illuminate/Session/Middleware/StartSession.php(64): Illuminate\\Session\\Middleware\\StartSession->handleStatefulRequest()
#36 /home/aline/Área de Trabalho/Pecris/Atividade_CRUD/money_blog/vendor/laravel/framework/src/Illuminate/Pipeline/Pipeline.php(180): Illuminate\\Session\\Middleware\\StartSession->handle()
#37 /home/aline/Área de Trabalho/Pecris/Atividade_CRUD/money_blog/vendor/laravel/framework/src/Illuminate/Cookie/Middleware/AddQueuedCookiesToResponse.php(37): Illuminate\\Pipeline\\Pipeline->Illuminate\\Pipeline\\{closure}()
#38 /home/aline/Área de Trabalho/Pecris/Atividade_CRUD/money_blog/vendor/laravel/framework/src/Illuminate/Pipeline/Pipeline.php(180): Illuminate\\Cookie\\Middleware\\AddQueuedCookiesToResponse->handle()
#39 /home/aline/Área de Trabalho/Pecris/Atividade_CRUD/money_blog/vendor/laravel/framework/src/Illuminate/Cookie/Middleware/EncryptCookies.php(67): Illuminate\\Pipeline\\Pipeline->Illuminate\\Pipeline\\{closure}()
#40 /home/aline/Área de Trabalho/Pecris/Atividade_CRUD/money_blog/vendor/laravel/framework/src/Illuminate/Pipeline/Pipeline.php(180): Illuminate\\Cookie\\Middleware\\EncryptCookies->handle()
#41 /home/aline/Área de Trabalho/Pecris/Atividade_CRUD/money_blog/vendor/laravel/framework/src/Illuminate/Pipeline/Pipeline.php(116): Illuminate\\Pipeline\\Pipeline->Illuminate\\Pipeline\\{closure}()
#42 /home/aline/Área de Trabalho/Pecris/Atividade_CRUD/money_blog/vendor/laravel/framework/src/Illuminate/Routing/Router.php(799): Illuminate\\Pipeline\\Pipeline->then()
#43 /home/aline/Área de Trabalho/Pecris/Atividade_CRUD/money_blog/vendor/laravel/framework/src/Illuminate/Routing/Router.php(776): Illuminate\\Routing\\Router->runRouteWithinStack()
#44 /home/aline/Área de Trabalho/Pecris/Atividade_CRUD/money_blog/vendor/laravel/framework/src/Illuminate/Routing/Router.php(740): Illuminate\\Routing\\Router->runRoute()
#45 /home/aline/Área de Trabalho/Pecris/Atividade_CRUD/money_blog/vendor/laravel/framework/src/Illuminate/Routing/Router.php(729): Illuminate\\Routing\\Router->dispatchToRoute()
#46 /home/aline/Área de Trabalho/Pecris/Atividade_CRUD/money_blog/vendor/laravel/framework/src/Illuminate/Foundation/Http/Kernel.php(190): Illuminate\\Routing\\Router->dispatch()
#47 /home/aline/Área de Trabalho/Pecris/Atividade_CRUD/money_blog/vendor/laravel/framework/src/Illuminate/Pipeline/Pipeline.php(141): Illuminate\\Foundation\\Http\\Kernel->Illuminate\\Foundation\\Http\\{closure}()
#48 /home/aline/Área de Trabalho/Pecris/Atividade_CRUD/money_blog/vendor/laravel/framework/src/Illuminate/Foundation/Http/Middleware/TransformsRequest.php(21): Illuminate\\Pipeline\\Pipeline->Illuminate\\Pipeline\\{closure}()
#49 /home/aline/Área de Trabalho/Pecris/Atividade_CRUD/money_blog/vendor/laravel/framework/src/Illuminate/Foundation/Http/Middleware/ConvertEmptyStringsToNull.php(31): Illuminate\\Foundation\\Http\\Middleware\\TransformsRequest->handle()
#50 /home/aline/Área de Trabalho/Pecris/Atividade_CRUD/money_blog/vendor/laravel/framework/src/Illuminate/Pipeline/Pipeline.php(180): Illuminate\\Foundation\\Http\\Middleware\\ConvertEmptyStringsToNull->handle()
#51 /home/aline/Área de Trabalho/Pecris/Atividade_CRUD/money_blog/vendor/laravel/framework/src/Illuminate/Foundation/Http/Middleware/TransformsRequest.php(21): Illuminate\\Pipeline\\Pipeline->Illuminate\\Pipeline\\{closure}()
#52 /home/aline/Área de Trabalho/Pecris/Atividade_CRUD/money_blog/vendor/laravel/framework/src/Illuminate/Foundation/Http/Middleware/TrimStrings.php(40): Illuminate\\Foundation\\Http\\Middleware\\TransformsRequest->handle()
#53 /home/aline/Área de Trabalho/Pecris/Atividade_CRUD/money_blog/vendor/laravel/framework/src/Illuminate/Pipeline/Pipeline.php(180): Illuminate\\Foundation\\Http\\Middleware\\TrimStrings->handle()
#54 /home/aline/Área de Trabalho/Pecris/Atividade_CRUD/money_blog/vendor/laravel/framework/src/Illuminate/Foundation/Http/Middleware/ValidatePostSize.php(27): Illuminate\\Pipeline\\Pipeline->Illuminate\\Pipeline\\{closure}()
#55 /home/aline/Área de Trabalho/Pecris/Atividade_CRUD/money_blog/vendor/laravel/framework/src/Illuminate/Pipeline/Pipeline.php(180): Illuminate\\Foundation\\Http\\Middleware\\ValidatePostSize->handle()
#56 /home/aline/Área de Trabalho/Pecris/Atividade_CRUD/money_blog/vendor/laravel/framework/src/Illuminate/Foundation/Http/Middleware/PreventRequestsDuringMaintenance.php(86): Illuminate\\Pipeline\\Pipeline->Illuminate\\Pipeline\\{closure}()
#57 /home/aline/Área de Trabalho/Pecris/Atividade_CRUD/money_blog/vendor/laravel/framework/src/Illuminate/Pipeline/Pipeline.php(180): Illuminate\\Foundation\\Http\\Middleware\\PreventRequestsDuringMaintenance->handle()
#58 /home/aline/Área de Trabalho/Pecris/Atividade_CRUD/money_blog/vendor/laravel/framework/src/Illuminate/Http/Middleware/HandleCors.php(49): Illuminate\\Pipeline\\Pipeline->Illuminate\\Pipeline\\{closure}()
#59 /home/aline/Área de Trabalho/Pecris/Atividade_CRUD/money_blog/vendor/laravel/framework/src/Illuminate/Pipeline/Pipeline.php(180): Illuminate\\Http\\Middleware\\HandleCors->handle()
#60 /home/aline/Área de Trabalho/Pecris/Atividade_CRUD/money_blog/vendor/laravel/framework/src/Illuminate/Http/Middleware/TrustProxies.php(39): Illuminate\\Pipeline\\Pipeline->Illuminate\\Pipeline\\{closure}()
#61 /home/aline/Área de Trabalho/Pecris/Atividade_CRUD/money_blog/vendor/laravel/framework/src/Illuminate/Pipeline/Pipeline.php(180): Illuminate\\Http\\Middleware\\TrustProxies->handle()
#62 /home/aline/Área de Trabalho/Pecris/Atividade_CRUD/money_blog/vendor/laravel/framework/src/Illuminate/Pipeline/Pipeline.php(116): Illuminate\\Pipeline\\Pipeline->Illuminate\\Pipeline\\{closure}()
#63 /home/aline/Área de Trabalho/Pecris/Atividade_CRUD/money_blog/vendor/laravel/framework/src/Illuminate/Foundation/Http/Kernel.php(165): Illuminate\\Pipeline\\Pipeline->then()
#64 /home/aline/Área de Trabalho/Pecris/Atividade_CRUD/money_blog/vendor/laravel/framework/src/Illuminate/Foundation/Http/Kernel.php(134): Illuminate\\Foundation\\Http\\Kernel->sendRequestThroughRouter()
#65 /home/aline/Área de Trabalho/Pecris/Atividade_CRUD/money_blog/public/index.php(52): Illuminate\\Foundation\\Http\\Kernel->handle()
#66 /home/aline/Área de Trabalho/Pecris/Atividade_CRUD/money_blog/vendor/laravel/framework/src/Illuminate/Foundation/resources/server.php(16): require_once('...')
#67 {main}

[previous exception] [object] (PDOException(code: HY000): SQLSTATE[HY000]: General error: 1364 Field 'username' doesn't have a default value at /home/aline/Área de Trabalho/Pecris/Atividade_CRUD/money_blog/vendor/laravel/framework/src/Illuminate/Database/Connection.php:545)
[stacktrace]
#0 /home/aline/Área de Trabalho/Pecris/Atividade_CRUD/money_blog/vendor/laravel/framework/src/Illuminate/Database/Connection.php(545): PDOStatement->execute()
#1 /home/aline/Área de Trabalho/Pecris/Atividade_CRUD/money_blog/vendor/laravel/framework/src/Illuminate/Database/Connection.php(753): Illuminate\\Database\\Connection->Illuminate\\Database\\{closure}()
#2 /home/aline/Área de Trabalho/Pecris/Atividade_CRUD/money_blog/vendor/laravel/framework/src/Illuminate/Database/Connection.php(720): Illuminate\\Database\\Connection->runQueryCallback()
#3 /home/aline/Área de Trabalho/Pecris/Atividade_CRUD/money_blog/vendor/laravel/framework/src/Illuminate/Database/Connection.php(546): Illuminate\\Database\\Connection->run()
#4 /home/aline/Área de Trabalho/Pecris/Atividade_CRUD/money_blog/vendor/laravel/framework/src/Illuminate/Database/Connection.php(498): Illuminate\\Database\\Connection->statement()
#5 /home/aline/Área de Trabalho/Pecris/Atividade_CRUD/money_blog/vendor/laravel/framework/src/Illuminate/Database/Query/Processors/Processor.php(32): Illuminate\\Database\\Connection->insert()
#6 /home/aline/Área de Trabalho/Pecris/Atividade_CRUD/money_blog/vendor/laravel/framework/src/Illuminate/Database/Query/Builder.php(3272): Illuminate\\Database\\Query\\Processors\\Processor->processInsertGetId()
#7 /home/aline/Área de Trabalho/Pecris/Atividade_CRUD/money_blog/vendor/laravel/framework/src/Illuminate/Database/Eloquent/Builder.php(1869): Illuminate\\Database\\Query\\Builder->insertGetId()
#8 /home/aline/Área de Trabalho/Pecris/Atividade_CRUD/money_blog/vendor/laravel/framework/src/Illuminate/Database/Eloquent/Model.php(1320): Illuminate\\Database\\Eloquent\\Builder->__call()
#9 /home/aline/Área de Trabalho/Pecris/Atividade_CRUD/money_blog/vendor/laravel/framework/src/Illuminate/Database/Eloquent/Model.php(1285): Illuminate\\Database\\Eloquent\\Model->insertAndSetId()
#10 /home/aline/Área de Trabalho/Pecris/Atividade_CRUD/money_blog/vendor/laravel/framework/src/Illuminate/Database/Eloquent/Model.php(1128): Illuminate\\Database\\Eloquent\\Model->performInsert()
#11 /home/aline/Área de Trabalho/Pecris/Atividade_CRUD/money_blog/vendor/laravel/framework/src/Illuminate/Database/Eloquent/Builder.php(986): Illuminate\\Database\\Eloquent\\Model->save()
#12 /home/aline/Área de Trabalho/Pecris/Atividade_CRUD/money_blog/vendor/laravel/framework/src/Illuminate/Support/helpers.php(306): Illuminate\\Database\\Eloquent\\Builder->Illuminate\\Database\\Eloquent\\{closure}()
#13 /home/aline/Área de Trabalho/Pecris/Atividade_CRUD/money_blog/vendor/laravel/framework/src/Illuminate/Database/Eloquent/Builder.php(987): tap()
#14 /home/aline/Área de Trabalho/Pecris/Atividade_CRUD/money_blog/vendor/laravel/framework/src/Illuminate/Support/Traits/ForwardsCalls.php(23): Illuminate\\Database\\Eloquent\\Builder->create()
#15 /home/aline/Área de Trabalho/Pecris/Atividade_CRUD/money_blog/vendor/laravel/framework/src/Illuminate/Database/Eloquent/Model.php(2315): Illuminate\\Database\\Eloquent\\Model->forwardCallTo()
#16 /home/aline/Área de Trabalho/Pecris/Atividade_CRUD/money_blog/vendor/laravel/framework/src/Illuminate/Database/Eloquent/Model.php(2327): Illuminate\\Database\\Eloquent\\Model->__call()
#17 /home/aline/Área de Trabalho/Pecris/Atividade_CRUD/money_blog/app/Http/Controllers/Auth/RegisteredUserController.php(45): Illuminate\\Database\\Eloquent\\Model::__callStatic()
#18 /home/aline/Área de Trabalho/Pecris/Atividade_CRUD/money_blog/vendor/laravel/framework/src/Illuminate/Routing/Controller.php(54): App\\Http\\Controllers\\Auth\\RegisteredUserController->store()
#19 /home/aline/Área de Trabalho/Pecris/Atividade_CRUD/money_blog/vendor/laravel/framework/src/Illuminate/Routing/ControllerDispatcher.php(43): Illuminate\\Routing\\Controller->callAction()
#20 /home/aline/Área de Trabalho/Pecris/Atividade_CRUD/money_blog/vendor/laravel/framework/src/Illuminate/Routing/Route.php(260): Illuminate\\Routing\\ControllerDispatcher->dispatch()
#21 /home/aline/Área de Trabalho/Pecris/Atividade_CRUD/money_blog/vendor/laravel/framework/src/Illuminate/Routing/Route.php(205): Illuminate\\Routing\\Route->runController()
#22 /home/aline/Área de Trabalho/Pecris/Atividade_CRUD/money_blog/vendor/laravel/framework/src/Illuminate/Routing/Router.php(798): Illuminate\\Routing\\Route->run()
#23 /home/aline/Área de Trabalho/Pecris/Atividade_CRUD/money_blog/vendor/laravel/framework/src/Illuminate/Pipeline/Pipeline.php(141): Illuminate\\Routing\\Router->Illuminate\\Routing\\{closure}()
#24 /home/aline/Área de Trabalho/Pecris/Atividade_CRUD/money_blog/app/Http/Middleware/RedirectIfAuthenticated.php(30): Illuminate\\Pipeline\\Pipeline->Illuminate\\Pipeline\\{closure}()
#25 /home/aline/Área de Trabalho/Pecris/Atividade_CRUD/money_blog/vendor/laravel/framework/src/Illuminate/Pipeline/Pipeline.php(180): App\\Http\\Middleware\\RedirectIfAuthenticated->handle()
#26 /home/aline/Área de Trabalho/Pecris/Atividade_CRUD/money_blog/vendor/laravel/framework/src/Illuminate/Http/Middleware/AddLinkHeadersForPreloadedAssets.php(19): Illuminate\\Pipeline\\Pipeline->Illuminate\\Pipeline\\{closure}()
#27 /home/aline/Área de Trabalho/Pecris/Atividade_CRUD/money_blog/vendor/laravel/framework/src/Illuminate/Pipeline/Pipeline.php(180): Illuminate\\Http\\Middleware\\AddLinkHeadersForPreloadedAssets->handle()
#28 /home/aline/Área de Trabalho/Pecris/Atividade_CRUD/money_blog/vendor/inertiajs/inertia-laravel/src/Middleware.php(87): Illuminate\\Pipeline\\Pipeline->Illuminate\\Pipeline\\{closure}()
#29 /home/aline/Área de Trabalho/Pecris/Atividade_CRUD/money_blog/vendor/laravel/framework/src/Illuminate/Pipeline/Pipeline.php(180): Inertia\\Middleware->handle()
#30 /home/aline/Área de Trabalho/Pecris/Atividade_CRUD/money_blog/vendor/laravel/framework/src/Illuminate/Routing/Middleware/SubstituteBindings.php(50): Illuminate\\Pipeline\\Pipeline->Illuminate\\Pipeline\\{closure}()
#31 /home/aline/Área de Trabalho/Pecris/Atividade_CRUD/money_blog/vendor/laravel/framework/src/Illuminate/Pipeline/Pipeline.php(180): Illuminate\\Routing\\Middleware\\SubstituteBindings->handle()
#32 /home/aline/Área de Trabalho/Pecris/Atividade_CRUD/money_blog/vendor/laravel/framework/src/Illuminate/Foundation/Http/Middleware/VerifyCsrfToken.php(78): Illuminate\\Pipeline\\Pipeline->Illuminate\\Pipeline\\{closure}()
#33 /home/aline/Área de Trabalho/Pecris/Atividade_CRUD/money_blog/vendor/laravel/framework/src/Illuminate/Pipeline/Pipeline.php(180): Illuminate\\Foundation\\Http\\Middleware\\VerifyCsrfToken->handle()
#34 /home/aline/Área de Trabalho/Pecris/Atividade_CRUD/money_blog/vendor/laravel/framework/src/Illuminate/View/Middleware/ShareErrorsFromSession.php(49): Illuminate\\Pipeline\\Pipeline->Illuminate\\Pipeline\\{closure}()
#35 /home/aline/Área de Trabalho/Pecris/Atividade_CRUD/money_blog/vendor/laravel/framework/src/Illuminate/Pipeline/Pipeline.php(180): Illuminate\\View\\Middleware\\ShareErrorsFromSession->handle()
#36 /home/aline/Área de Trabalho/Pecris/Atividade_CRUD/money_blog/vendor/laravel/framework/src/Illuminate/Session/Middleware/StartSession.php(121): Illuminate\\Pipeline\\Pipeline->Illuminate\\Pipeline\\{closure}()
#37 /home/aline/Área de Trabalho/Pecris/Atividade_CRUD/money_blog/vendor/laravel/framework/src/Illuminate/Session/Middleware/StartSession.php(64): Illuminate\\Session\\Middleware\\StartSession->handleStatefulRequest()
#38 /home/aline/Área de Trabalho/Pecris/Atividade_CRUD/money_blog/vendor/laravel/framework/src/Illuminate/Pipeline/Pipeline.php(180): Illuminate\\Session\\Middleware\\StartSession->handle()
#39 /home/aline/Área de Trabalho/Pecris/Atividade_CRUD/money_blog/vendor/laravel/framework/src/Illuminate/Cookie/Middleware/AddQueuedCookiesToResponse.php(37): Illuminate\\Pipeline\\Pipeline->Illuminate\\Pipeline\\{closure}()
#40 /home/aline/Área de Trabalho/Pecris/Atividade_CRUD/money_blog/vendor/laravel/framework/src/Illuminate/Pipeline/Pipeline.php(180): Illuminate\\Cookie\\Middleware\\AddQueuedCookiesToResponse->handle()
#41 /home/aline/Área de Trabalho/Pecris/Atividade_CRUD/money_blog/vendor/laravel/framework/src/Illuminate/Cookie/Middleware/EncryptCookies.php(67): Illuminate\\Pipeline\\Pipeline->Illuminate\\Pipeline\\{closure}()
#42 /home/aline/Área de Trabalho/Pecris/Atividade_CRUD/money_blog/vendor/laravel/framework/src/Illuminate/Pipeline/Pipeline.php(180): Illuminate\\Cookie\\Middleware\\EncryptCookies->handle()
#43 /home/aline/Área de Trabalho/Pecris/Atividade_CRUD/money_blog/vendor/laravel/framework/src/Illuminate/Pipeline/Pipeline.php(116): Illuminate\\Pipeline\\Pipeline->Illuminate\\Pipeline\\{closure}()
#44 /home/aline/Área de Trabalho/Pecris/Atividade_CRUD/money_blog/vendor/laravel/framework/src/Illuminate/Routing/Router.php(799): Illuminate\\Pipeline\\Pipeline->then()
#45 /home/aline/Área de Trabalho/Pecris/Atividade_CRUD/money_blog/vendor/laravel/framework/src/Illuminate/Routing/Router.php(776): Illuminate\\Routing\\Router->runRouteWithinStack()
#46 /home/aline/Área de Trabalho/Pecris/Atividade_CRUD/money_blog/vendor/laravel/framework/src/Illuminate/Routing/Router.php(740): Illuminate\\Routing\\Router->runRoute()
#47 /home/aline/Área de Trabalho/Pecris/Atividade_CRUD/money_blog/vendor/laravel/framework/src/Illuminate/Routing/Router.php(729): Illuminate\\Routing\\Router->dispatchToRoute()
#48 /home/aline/Área de Trabalho/Pecris/Atividade_CRUD/money_blog/vendor/laravel/framework/src/Illuminate/Foundation/Http/Kernel.php(190): Illuminate\\Routing\\Router->dispatch()
#49 /home/aline/Área de Trabalho/Pecris/Atividade_CRUD/money_blog/vendor/laravel/framework/src/Illuminate/Pipeline/Pipeline.php(141): Illuminate\\Foundation\\Http\\Kernel->Illuminate\\Foundation\\Http\\{closure}()
#50 /home/aline/Área de Trabalho/Pecris/Atividade_CRUD/money_blog/vendor/laravel/framework/src/Illuminate/Foundation/Http/Middleware/TransformsRequest.php(21): Illuminate\\Pipeline\\Pipeline->Illuminate\\Pipeline\\{closure}()
#51 /home/aline/Área de Trabalho/Pecris/Atividade_CRUD/money_blog/vendor/laravel/framework/src/Illuminate/Foundation/Http/Middleware/ConvertEmptyStringsToNull.php(31): Illuminate\\Foundation\\Http\\Middleware\\TransformsRequest->handle()
#52 /home/aline/Área de Trabalho/Pecris/Atividade_CRUD/money_blog/vendor/laravel/framework/src/Illuminate/Pipeline/Pipeline.php(180): Illuminate\\Foundation\\Http\\Middleware\\ConvertEmptyStringsToNull->handle()
#53 /home/aline/Área de Trabalho/Pecris/Atividade_CRUD/money_blog/vendor/laravel/framework/src/Illuminate/Foundation/Http/Middleware/TransformsRequest.php(21): Illuminate\\Pipeline\\Pipeline->Illuminate\\Pipeline\\{closure}()
#54 /home/aline/Área de Trabalho/Pecris/Atividade_CRUD/money_blog/vendor/laravel/framework/src/Illuminate/Foundation/Http/Middleware/TrimStrings.php(40): Illuminate\\Foundation\\Http\\Middleware\\TransformsRequest->handle()
#55 /home/aline/Área de Trabalho/Pecris/Atividade_CRUD/money_blog/vendor/laravel/framework/src/Illuminate/Pipeline/Pipeline.php(180): Illuminate\\Foundation\\Http\\Middleware\\TrimStrings->handle()
#56 /home/aline/Área de Trabalho/Pecris/Atividade_CRUD/money_blog/vendor/laravel/framework/src/Illuminate/Foundation/Http/Middleware/ValidatePostSize.php(27): Illuminate\\Pipeline\\Pipeline->Illuminate\\Pipeline\\{closure}()
#57 /home/aline/Área de Trabalho/Pecris/Atividade_CRUD/money_blog/vendor/laravel/framework/src/Illuminate/Pipeline/Pipeline.php(180): Illuminate\\Foundation\\Http\\Middleware\\ValidatePostSize->handle()
#58 /home/aline/Área de Trabalho/Pecris/Atividade_CRUD/money_blog/vendor/laravel/framework/src/Illuminate/Foundation/Http/Middleware/PreventRequestsDuringMaintenance.php(86): Illuminate\\Pipeline\\Pipeline->Illuminate\\Pipeline\\{closure}()
#59 /home/aline/Área de Trabalho/Pecris/Atividade_CRUD/money_blog/vendor/laravel/framework/src/Illuminate/Pipeline/Pipeline.php(180): Illuminate\\Foundation\\Http\\Middleware\\PreventRequestsDuringMaintenance->handle()
#60 /home/aline/Área de Trabalho/Pecris/Atividade_CRUD/money_blog/vendor/laravel/framework/src/Illuminate/Http/Middleware/HandleCors.php(49): Illuminate\\Pipeline\\Pipeline->Illuminate\\Pipeline\\{closure}()
#61 /home/aline/Área de Trabalho/Pecris/Atividade_CRUD/money_blog/vendor/laravel/framework/src/Illuminate/Pipeline/Pipeline.php(180): Illuminate\\Http\\Middleware\\HandleCors->handle()
#62 /home/aline/Área de Trabalho/Pecris/Atividade_CRUD/money_blog/vendor/laravel/framework/src/Illuminate/Http/Middleware/TrustProxies.php(39): Illuminate\\Pipeline\\Pipeline->Illuminate\\Pipeline\\{closure}()
#63 /home/aline/Área de Trabalho/Pecris/Atividade_CRUD/money_blog/vendor/laravel/framework/src/Illuminate/Pipeline/Pipeline.php(180): Illuminate\\Http\\Middleware\\TrustProxies->handle()
#64 /home/aline/Área de Trabalho/Pecris/Atividade_CRUD/money_blog/vendor/laravel/framework/src/Illuminate/Pipeline/Pipeline.php(116): Illuminate\\Pipeline\\Pipeline->Illuminate\\Pipeline\\{closure}()
#65 /home/aline/Área de Trabalho/Pecris/Atividade_CRUD/money_blog/vendor/laravel/framework/src/Illuminate/Foundation/Http/Kernel.php(165): Illuminate\\Pipeline\\Pipeline->then()
#66 /home/aline/Área de Trabalho/Pecris/Atividade_CRUD/money_blog/vendor/laravel/framework/src/Illuminate/Foundation/Http/Kernel.php(134): Illuminate\\Foundation\\Http\\Kernel->sendRequestThroughRouter()
#67 /home/aline/Área de Trabalho/Pecris/Atividade_CRUD/money_blog/public/index.php(52): Illuminate\\Foundation\\Http\\Kernel->handle()
#68 /home/aline/Área de Trabalho/Pecris/Atividade_CRUD/money_blog/vendor/laravel/framework/src/Illuminate/Foundation/resources/server.php(16): require_once('...')
#69 {main}
"} 
[2023-02-07 00:35:05] local.ERROR: SQLSTATE[42S02]: Base table or view not found: 1146 Table 'Atividade_CRUD.money' doesn't exist (SQL: insert into `money` (`describe`, `value`, `date`, `user_id`, `updated_at`, `created_at`) values (galeto, 30, 2022-12-24, 1, 2023-02-07 00:35:05, 2023-02-07 00:35:05)) {"userId":1,"exception":"[object] (Illuminate\\Database\\QueryException(code: 42S02): SQLSTATE[42S02]: Base table or view not found: 1146 Table 'Atividade_CRUD.money' doesn't exist (SQL: insert into `money` (`describe`, `value`, `date`, `user_id`, `updated_at`, `created_at`) values (galeto, 30, 2022-12-24, 1, 2023-02-07 00:35:05, 2023-02-07 00:35:05)) at /home/aline/Área de Trabalho/Pecris/Atividade_CRUD/money_blog/vendor/laravel/framework/src/Illuminate/Database/Connection.php:760)
[stacktrace]
#0 /home/aline/Área de Trabalho/Pecris/Atividade_CRUD/money_blog/vendor/laravel/framework/src/Illuminate/Database/Connection.php(720): Illuminate\\Database\\Connection->runQueryCallback()
#1 /home/aline/Área de Trabalho/Pecris/Atividade_CRUD/money_blog/vendor/laravel/framework/src/Illuminate/Database/Connection.php(546): Illuminate\\Database\\Connection->run()
#2 /home/aline/Área de Trabalho/Pecris/Atividade_CRUD/money_blog/vendor/laravel/framework/src/Illuminate/Database/Connection.php(498): Illuminate\\Database\\Connection->statement()
#3 /home/aline/Área de Trabalho/Pecris/Atividade_CRUD/money_blog/vendor/laravel/framework/src/Illuminate/Database/Query/Processors/Processor.php(32): Illuminate\\Database\\Connection->insert()
#4 /home/aline/Área de Trabalho/Pecris/Atividade_CRUD/money_blog/vendor/laravel/framework/src/Illuminate/Database/Query/Builder.php(3272): Illuminate\\Database\\Query\\Processors\\Processor->processInsertGetId()
#5 /home/aline/Área de Trabalho/Pecris/Atividade_CRUD/money_blog/vendor/laravel/framework/src/Illuminate/Database/Eloquent/Builder.php(1869): Illuminate\\Database\\Query\\Builder->insertGetId()
#6 /home/aline/Área de Trabalho/Pecris/Atividade_CRUD/money_blog/vendor/laravel/framework/src/Illuminate/Database/Eloquent/Model.php(1320): Illuminate\\Database\\Eloquent\\Builder->__call()
#7 /home/aline/Área de Trabalho/Pecris/Atividade_CRUD/money_blog/vendor/laravel/framework/src/Illuminate/Database/Eloquent/Model.php(1285): Illuminate\\Database\\Eloquent\\Model->insertAndSetId()
#8 /home/aline/Área de Trabalho/Pecris/Atividade_CRUD/money_blog/vendor/laravel/framework/src/Illuminate/Database/Eloquent/Model.php(1128): Illuminate\\Database\\Eloquent\\Model->performInsert()
#9 /home/aline/Área de Trabalho/Pecris/Atividade_CRUD/money_blog/vendor/laravel/framework/src/Illuminate/Database/Eloquent/Builder.php(986): Illuminate\\Database\\Eloquent\\Model->save()
#10 /home/aline/Área de Trabalho/Pecris/Atividade_CRUD/money_blog/vendor/laravel/framework/src/Illuminate/Support/helpers.php(306): Illuminate\\Database\\Eloquent\\Builder->Illuminate\\Database\\Eloquent\\{closure}()
#11 /home/aline/Área de Trabalho/Pecris/Atividade_CRUD/money_blog/vendor/laravel/framework/src/Illuminate/Database/Eloquent/Builder.php(987): tap()
#12 /home/aline/Área de Trabalho/Pecris/Atividade_CRUD/money_blog/vendor/laravel/framework/src/Illuminate/Support/Traits/ForwardsCalls.php(23): Illuminate\\Database\\Eloquent\\Builder->create()
#13 /home/aline/Área de Trabalho/Pecris/Atividade_CRUD/money_blog/vendor/laravel/framework/src/Illuminate/Database/Eloquent/Model.php(2315): Illuminate\\Database\\Eloquent\\Model->forwardCallTo()
#14 /home/aline/Área de Trabalho/Pecris/Atividade_CRUD/money_blog/vendor/laravel/framework/src/Illuminate/Database/Eloquent/Model.php(2327): Illuminate\\Database\\Eloquent\\Model->__call()
#15 /home/aline/Área de Trabalho/Pecris/Atividade_CRUD/money_blog/app/Http/Controllers/MoneyController.php(44): Illuminate\\Database\\Eloquent\\Model::__callStatic()
#16 /home/aline/Área de Trabalho/Pecris/Atividade_CRUD/money_blog/vendor/laravel/framework/src/Illuminate/Routing/Controller.php(54): App\\Http\\Controllers\\MoneyController->store()
#17 /home/aline/Área de Trabalho/Pecris/Atividade_CRUD/money_blog/vendor/laravel/framework/src/Illuminate/Routing/ControllerDispatcher.php(43): Illuminate\\Routing\\Controller->callAction()
#18 /home/aline/Área de Trabalho/Pecris/Atividade_CRUD/money_blog/vendor/laravel/framework/src/Illuminate/Routing/Route.php(260): Illuminate\\Routing\\ControllerDispatcher->dispatch()
#19 /home/aline/Área de Trabalho/Pecris/Atividade_CRUD/money_blog/vendor/laravel/framework/src/Illuminate/Routing/Route.php(205): Illuminate\\Routing\\Route->runController()
#20 /home/aline/Área de Trabalho/Pecris/Atividade_CRUD/money_blog/vendor/laravel/framework/src/Illuminate/Routing/Router.php(798): Illuminate\\Routing\\Route->run()
#21 /home/aline/Área de Trabalho/Pecris/Atividade_CRUD/money_blog/vendor/laravel/framework/src/Illuminate/Pipeline/Pipeline.php(141): Illuminate\\Routing\\Router->Illuminate\\Routing\\{closure}()
#22 /home/aline/Área de Trabalho/Pecris/Atividade_CRUD/money_blog/vendor/laravel/framework/src/Illuminate/Http/Middleware/AddLinkHeadersForPreloadedAssets.php(19): Illuminate\\Pipeline\\Pipeline->Illuminate\\Pipeline\\{closure}()
#23 /home/aline/Área de Trabalho/Pecris/Atividade_CRUD/money_blog/vendor/laravel/framework/src/Illuminate/Pipeline/Pipeline.php(180): Illuminate\\Http\\Middleware\\AddLinkHeadersForPreloadedAssets->handle()
#24 /home/aline/Área de Trabalho/Pecris/Atividade_CRUD/money_blog/vendor/inertiajs/inertia-laravel/src/Middleware.php(87): Illuminate\\Pipeline\\Pipeline->Illuminate\\Pipeline\\{closure}()
#25 /home/aline/Área de Trabalho/Pecris/Atividade_CRUD/money_blog/vendor/laravel/framework/src/Illuminate/Pipeline/Pipeline.php(180): Inertia\\Middleware->handle()
#26 /home/aline/Área de Trabalho/Pecris/Atividade_CRUD/money_blog/vendor/laravel/framework/src/Illuminate/Routing/Middleware/SubstituteBindings.php(50): Illuminate\\Pipeline\\Pipeline->Illuminate\\Pipeline\\{closure}()
#27 /home/aline/Área de Trabalho/Pecris/Atividade_CRUD/money_blog/vendor/laravel/framework/src/Illuminate/Pipeline/Pipeline.php(180): Illuminate\\Routing\\Middleware\\SubstituteBindings->handle()
#28 /home/aline/Área de Trabalho/Pecris/Atividade_CRUD/money_blog/vendor/laravel/framework/src/Illuminate/Auth/Middleware/Authenticate.php(44): Illuminate\\Pipeline\\Pipeline->Illuminate\\Pipeline\\{closure}()
#29 /home/aline/Área de Trabalho/Pecris/Atividade_CRUD/money_blog/vendor/laravel/framework/src/Illuminate/Pipeline/Pipeline.php(180): Illuminate\\Auth\\Middleware\\Authenticate->handle()
#30 /home/aline/Área de Trabalho/Pecris/Atividade_CRUD/money_blog/vendor/laravel/framework/src/Illuminate/Foundation/Http/Middleware/VerifyCsrfToken.php(78): Illuminate\\Pipeline\\Pipeline->Illuminate\\Pipeline\\{closure}()
#31 /home/aline/Área de Trabalho/Pecris/Atividade_CRUD/money_blog/vendor/laravel/framework/src/Illuminate/Pipeline/Pipeline.php(180): Illuminate\\Foundation\\Http\\Middleware\\VerifyCsrfToken->handle()
#32 /home/aline/Área de Trabalho/Pecris/Atividade_CRUD/money_blog/vendor/laravel/framework/src/Illuminate/View/Middleware/ShareErrorsFromSession.php(49): Illuminate\\Pipeline\\Pipeline->Illuminate\\Pipeline\\{closure}()
#33 /home/aline/Área de Trabalho/Pecris/Atividade_CRUD/money_blog/vendor/laravel/framework/src/Illuminate/Pipeline/Pipeline.php(180): Illuminate\\View\\Middleware\\ShareErrorsFromSession->handle()
#34 /home/aline/Área de Trabalho/Pecris/Atividade_CRUD/money_blog/vendor/laravel/framework/src/Illuminate/Session/Middleware/StartSession.php(121): Illuminate\\Pipeline\\Pipeline->Illuminate\\Pipeline\\{closure}()
#35 /home/aline/Área de Trabalho/Pecris/Atividade_CRUD/money_blog/vendor/laravel/framework/src/Illuminate/Session/Middleware/StartSession.php(64): Illuminate\\Session\\Middleware\\StartSession->handleStatefulRequest()
#36 /home/aline/Área de Trabalho/Pecris/Atividade_CRUD/money_blog/vendor/laravel/framework/src/Illuminate/Pipeline/Pipeline.php(180): Illuminate\\Session\\Middleware\\StartSession->handle()
#37 /home/aline/Área de Trabalho/Pecris/Atividade_CRUD/money_blog/vendor/laravel/framework/src/Illuminate/Cookie/Middleware/AddQueuedCookiesToResponse.php(37): Illuminate\\Pipeline\\Pipeline->Illuminate\\Pipeline\\{closure}()
#38 /home/aline/Área de Trabalho/Pecris/Atividade_CRUD/money_blog/vendor/laravel/framework/src/Illuminate/Pipeline/Pipeline.php(180): Illuminate\\Cookie\\Middleware\\AddQueuedCookiesToResponse->handle()
#39 /home/aline/Área de Trabalho/Pecris/Atividade_CRUD/money_blog/vendor/laravel/framework/src/Illuminate/Cookie/Middleware/EncryptCookies.php(67): Illuminate\\Pipeline\\Pipeline->Illuminate\\Pipeline\\{closure}()
#40 /home/aline/Área de Trabalho/Pecris/Atividade_CRUD/money_blog/vendor/laravel/framework/src/Illuminate/Pipeline/Pipeline.php(180): Illuminate\\Cookie\\Middleware\\EncryptCookies->handle()
#41 /home/aline/Área de Trabalho/Pecris/Atividade_CRUD/money_blog/vendor/laravel/framework/src/Illuminate/Pipeline/Pipeline.php(116): Illuminate\\Pipeline\\Pipeline->Illuminate\\Pipeline\\{closure}()
#42 /home/aline/Área de Trabalho/Pecris/Atividade_CRUD/money_blog/vendor/laravel/framework/src/Illuminate/Routing/Router.php(799): Illuminate\\Pipeline\\Pipeline->then()
#43 /home/aline/Área de Trabalho/Pecris/Atividade_CRUD/money_blog/vendor/laravel/framework/src/Illuminate/Routing/Router.php(776): Illuminate\\Routing\\Router->runRouteWithinStack()
#44 /home/aline/Área de Trabalho/Pecris/Atividade_CRUD/money_blog/vendor/laravel/framework/src/Illuminate/Routing/Router.php(740): Illuminate\\Routing\\Router->runRoute()
#45 /home/aline/Área de Trabalho/Pecris/Atividade_CRUD/money_blog/vendor/laravel/framework/src/Illuminate/Routing/Router.php(729): Illuminate\\Routing\\Router->dispatchToRoute()
#46 /home/aline/Área de Trabalho/Pecris/Atividade_CRUD/money_blog/vendor/laravel/framework/src/Illuminate/Foundation/Http/Kernel.php(190): Illuminate\\Routing\\Router->dispatch()
#47 /home/aline/Área de Trabalho/Pecris/Atividade_CRUD/money_blog/vendor/laravel/framework/src/Illuminate/Pipeline/Pipeline.php(141): Illuminate\\Foundation\\Http\\Kernel->Illuminate\\Foundation\\Http\\{closure}()
#48 /home/aline/Área de Trabalho/Pecris/Atividade_CRUD/money_blog/vendor/laravel/framework/src/Illuminate/Foundation/Http/Middleware/TransformsRequest.php(21): Illuminate\\Pipeline\\Pipeline->Illuminate\\Pipeline\\{closure}()
#49 /home/aline/Área de Trabalho/Pecris/Atividade_CRUD/money_blog/vendor/laravel/framework/src/Illuminate/Foundation/Http/Middleware/ConvertEmptyStringsToNull.php(31): Illuminate\\Foundation\\Http\\Middleware\\TransformsRequest->handle()
#50 /home/aline/Área de Trabalho/Pecris/Atividade_CRUD/money_blog/vendor/laravel/framework/src/Illuminate/Pipeline/Pipeline.php(180): Illuminate\\Foundation\\Http\\Middleware\\ConvertEmptyStringsToNull->handle()
#51 /home/aline/Área de Trabalho/Pecris/Atividade_CRUD/money_blog/vendor/laravel/framework/src/Illuminate/Foundation/Http/Middleware/TransformsRequest.php(21): Illuminate\\Pipeline\\Pipeline->Illuminate\\Pipeline\\{closure}()
#52 /home/aline/Área de Trabalho/Pecris/Atividade_CRUD/money_blog/vendor/laravel/framework/src/Illuminate/Foundation/Http/Middleware/TrimStrings.php(40): Illuminate\\Foundation\\Http\\Middleware\\TransformsRequest->handle()
#53 /home/aline/Área de Trabalho/Pecris/Atividade_CRUD/money_blog/vendor/laravel/framework/src/Illuminate/Pipeline/Pipeline.php(180): Illuminate\\Foundation\\Http\\Middleware\\TrimStrings->handle()
#54 /home/aline/Área de Trabalho/Pecris/Atividade_CRUD/money_blog/vendor/laravel/framework/src/Illuminate/Foundation/Http/Middleware/ValidatePostSize.php(27): Illuminate\\Pipeline\\Pipeline->Illuminate\\Pipeline\\{closure}()
#55 /home/aline/Área de Trabalho/Pecris/Atividade_CRUD/money_blog/vendor/laravel/framework/src/Illuminate/Pipeline/Pipeline.php(180): Illuminate\\Foundation\\Http\\Middleware\\ValidatePostSize->handle()
#56 /home/aline/Área de Trabalho/Pecris/Atividade_CRUD/money_blog/vendor/laravel/framework/src/Illuminate/Foundation/Http/Middleware/PreventRequestsDuringMaintenance.php(86): Illuminate\\Pipeline\\Pipeline->Illuminate\\Pipeline\\{closure}()
#57 /home/aline/Área de Trabalho/Pecris/Atividade_CRUD/money_blog/vendor/laravel/framework/src/Illuminate/Pipeline/Pipeline.php(180): Illuminate\\Foundation\\Http\\Middleware\\PreventRequestsDuringMaintenance->handle()
#58 /home/aline/Área de Trabalho/Pecris/Atividade_CRUD/money_blog/vendor/laravel/framework/src/Illuminate/Http/Middleware/HandleCors.php(49): Illuminate\\Pipeline\\Pipeline->Illuminate\\Pipeline\\{closure}()
#59 /home/aline/Área de Trabalho/Pecris/Atividade_CRUD/money_blog/vendor/laravel/framework/src/Illuminate/Pipeline/Pipeline.php(180): Illuminate\\Http\\Middleware\\HandleCors->handle()
#60 /home/aline/Área de Trabalho/Pecris/Atividade_CRUD/money_blog/vendor/laravel/framework/src/Illuminate/Http/Middleware/TrustProxies.php(39): Illuminate\\Pipeline\\Pipeline->Illuminate\\Pipeline\\{closure}()
#61 /home/aline/Área de Trabalho/Pecris/Atividade_CRUD/money_blog/vendor/laravel/framework/src/Illuminate/Pipeline/Pipeline.php(180): Illuminate\\Http\\Middleware\\TrustProxies->handle()
#62 /home/aline/Área de Trabalho/Pecris/Atividade_CRUD/money_blog/vendor/laravel/framework/src/Illuminate/Pipeline/Pipeline.php(116): Illuminate\\Pipeline\\Pipeline->Illuminate\\Pipeline\\{closure}()
#63 /home/aline/Área de Trabalho/Pecris/Atividade_CRUD/money_blog/vendor/laravel/framework/src/Illuminate/Foundation/Http/Kernel.php(165): Illuminate\\Pipeline\\Pipeline->then()
#64 /home/aline/Área de Trabalho/Pecris/Atividade_CRUD/money_blog/vendor/laravel/framework/src/Illuminate/Foundation/Http/Kernel.php(134): Illuminate\\Foundation\\Http\\Kernel->sendRequestThroughRouter()
#65 /home/aline/Área de Trabalho/Pecris/Atividade_CRUD/money_blog/public/index.php(52): Illuminate\\Foundation\\Http\\Kernel->handle()
#66 /home/aline/Área de Trabalho/Pecris/Atividade_CRUD/money_blog/vendor/laravel/framework/src/Illuminate/Foundation/resources/server.php(16): require_once('...')
#67 {main}

[previous exception] [object] (PDOException(code: 42S02): SQLSTATE[42S02]: Base table or view not found: 1146 Table 'Atividade_CRUD.money' doesn't exist at /home/aline/Área de Trabalho/Pecris/Atividade_CRUD/money_blog/vendor/laravel/framework/src/Illuminate/Database/Connection.php:539)
[stacktrace]
#0 /home/aline/Área de Trabalho/Pecris/Atividade_CRUD/money_blog/vendor/laravel/framework/src/Illuminate/Database/Connection.php(539): PDO->prepare()
#1 /home/aline/Área de Trabalho/Pecris/Atividade_CRUD/money_blog/vendor/laravel/framework/src/Illuminate/Database/Connection.php(753): Illuminate\\Database\\Connection->Illuminate\\Database\\{closure}()
#2 /home/aline/Área de Trabalho/Pecris/Atividade_CRUD/money_blog/vendor/laravel/framework/src/Illuminate/Database/Connection.php(720): Illuminate\\Database\\Connection->runQueryCallback()
#3 /home/aline/Área de Trabalho/Pecris/Atividade_CRUD/money_blog/vendor/laravel/framework/src/Illuminate/Database/Connection.php(546): Illuminate\\Database\\Connection->run()
#4 /home/aline/Área de Trabalho/Pecris/Atividade_CRUD/money_blog/vendor/laravel/framework/src/Illuminate/Database/Connection.php(498): Illuminate\\Database\\Connection->statement()
#5 /home/aline/Área de Trabalho/Pecris/Atividade_CRUD/money_blog/vendor/laravel/framework/src/Illuminate/Database/Query/Processors/Processor.php(32): Illuminate\\Database\\Connection->insert()
#6 /home/aline/Área de Trabalho/Pecris/Atividade_CRUD/money_blog/vendor/laravel/framework/src/Illuminate/Database/Query/Builder.php(3272): Illuminate\\Database\\Query\\Processors\\Processor->processInsertGetId()
#7 /home/aline/Área de Trabalho/Pecris/Atividade_CRUD/money_blog/vendor/laravel/framework/src/Illuminate/Database/Eloquent/Builder.php(1869): Illuminate\\Database\\Query\\Builder->insertGetId()
#8 /home/aline/Área de Trabalho/Pecris/Atividade_CRUD/money_blog/vendor/laravel/framework/src/Illuminate/Database/Eloquent/Model.php(1320): Illuminate\\Database\\Eloquent\\Builder->__call()
#9 /home/aline/Área de Trabalho/Pecris/Atividade_CRUD/money_blog/vendor/laravel/framework/src/Illuminate/Database/Eloquent/Model.php(1285): Illuminate\\Database\\Eloquent\\Model->insertAndSetId()
#10 /home/aline/Área de Trabalho/Pecris/Atividade_CRUD/money_blog/vendor/laravel/framework/src/Illuminate/Database/Eloquent/Model.php(1128): Illuminate\\Database\\Eloquent\\Model->performInsert()
#11 /home/aline/Área de Trabalho/Pecris/Atividade_CRUD/money_blog/vendor/laravel/framework/src/Illuminate/Database/Eloquent/Builder.php(986): Illuminate\\Database\\Eloquent\\Model->save()
#12 /home/aline/Área de Trabalho/Pecris/Atividade_CRUD/money_blog/vendor/laravel/framework/src/Illuminate/Support/helpers.php(306): Illuminate\\Database\\Eloquent\\Builder->Illuminate\\Database\\Eloquent\\{closure}()
#13 /home/aline/Área de Trabalho/Pecris/Atividade_CRUD/money_blog/vendor/laravel/framework/src/Illuminate/Database/Eloquent/Builder.php(987): tap()
#14 /home/aline/Área de Trabalho/Pecris/Atividade_CRUD/money_blog/vendor/laravel/framework/src/Illuminate/Support/Traits/ForwardsCalls.php(23): Illuminate\\Database\\Eloquent\\Builder->create()
#15 /home/aline/Área de Trabalho/Pecris/Atividade_CRUD/money_blog/vendor/laravel/framework/src/Illuminate/Database/Eloquent/Model.php(2315): Illuminate\\Database\\Eloquent\\Model->forwardCallTo()
#16 /home/aline/Área de Trabalho/Pecris/Atividade_CRUD/money_blog/vendor/laravel/framework/src/Illuminate/Database/Eloquent/Model.php(2327): Illuminate\\Database\\Eloquent\\Model->__call()
#17 /home/aline/Área de Trabalho/Pecris/Atividade_CRUD/money_blog/app/Http/Controllers/MoneyController.php(44): Illuminate\\Database\\Eloquent\\Model::__callStatic()
#18 /home/aline/Área de Trabalho/Pecris/Atividade_CRUD/money_blog/vendor/laravel/framework/src/Illuminate/Routing/Controller.php(54): App\\Http\\Controllers\\MoneyController->store()
#19 /home/aline/Área de Trabalho/Pecris/Atividade_CRUD/money_blog/vendor/laravel/framework/src/Illuminate/Routing/ControllerDispatcher.php(43): Illuminate\\Routing\\Controller->callAction()
#20 /home/aline/Área de Trabalho/Pecris/Atividade_CRUD/money_blog/vendor/laravel/framework/src/Illuminate/Routing/Route.php(260): Illuminate\\Routing\\ControllerDispatcher->dispatch()
#21 /home/aline/Área de Trabalho/Pecris/Atividade_CRUD/money_blog/vendor/laravel/framework/src/Illuminate/Routing/Route.php(205): Illuminate\\Routing\\Route->runController()
#22 /home/aline/Área de Trabalho/Pecris/Atividade_CRUD/money_blog/vendor/laravel/framework/src/Illuminate/Routing/Router.php(798): Illuminate\\Routing\\Route->run()
#23 /home/aline/Área de Trabalho/Pecris/Atividade_CRUD/money_blog/vendor/laravel/framework/src/Illuminate/Pipeline/Pipeline.php(141): Illuminate\\Routing\\Router->Illuminate\\Routing\\{closure}()
#24 /home/aline/Área de Trabalho/Pecris/Atividade_CRUD/money_blog/vendor/laravel/framework/src/Illuminate/Http/Middleware/AddLinkHeadersForPreloadedAssets.php(19): Illuminate\\Pipeline\\Pipeline->Illuminate\\Pipeline\\{closure}()
#25 /home/aline/Área de Trabalho/Pecris/Atividade_CRUD/money_blog/vendor/laravel/framework/src/Illuminate/Pipeline/Pipeline.php(180): Illuminate\\Http\\Middleware\\AddLinkHeadersForPreloadedAssets->handle()
#26 /home/aline/Área de Trabalho/Pecris/Atividade_CRUD/money_blog/vendor/inertiajs/inertia-laravel/src/Middleware.php(87): Illuminate\\Pipeline\\Pipeline->Illuminate\\Pipeline\\{closure}()
#27 /home/aline/Área de Trabalho/Pecris/Atividade_CRUD/money_blog/vendor/laravel/framework/src/Illuminate/Pipeline/Pipeline.php(180): Inertia\\Middleware->handle()
#28 /home/aline/Área de Trabalho/Pecris/Atividade_CRUD/money_blog/vendor/laravel/framework/src/Illuminate/Routing/Middleware/SubstituteBindings.php(50): Illuminate\\Pipeline\\Pipeline->Illuminate\\Pipeline\\{closure}()
#29 /home/aline/Área de Trabalho/Pecris/Atividade_CRUD/money_blog/vendor/laravel/framework/src/Illuminate/Pipeline/Pipeline.php(180): Illuminate\\Routing\\Middleware\\SubstituteBindings->handle()
#30 /home/aline/Área de Trabalho/Pecris/Atividade_CRUD/money_blog/vendor/laravel/framework/src/Illuminate/Auth/Middleware/Authenticate.php(44): Illuminate\\Pipeline\\Pipeline->Illuminate\\Pipeline\\{closure}()
#31 /home/aline/Área de Trabalho/Pecris/Atividade_CRUD/money_blog/vendor/laravel/framework/src/Illuminate/Pipeline/Pipeline.php(180): Illuminate\\Auth\\Middleware\\Authenticate->handle()
#32 /home/aline/Área de Trabalho/Pecris/Atividade_CRUD/money_blog/vendor/laravel/framework/src/Illuminate/Foundation/Http/Middleware/VerifyCsrfToken.php(78): Illuminate\\Pipeline\\Pipeline->Illuminate\\Pipeline\\{closure}()
#33 /home/aline/Área de Trabalho/Pecris/Atividade_CRUD/money_blog/vendor/laravel/framework/src/Illuminate/Pipeline/Pipeline.php(180): Illuminate\\Foundation\\Http\\Middleware\\VerifyCsrfToken->handle()
#34 /home/aline/Área de Trabalho/Pecris/Atividade_CRUD/money_blog/vendor/laravel/framework/src/Illuminate/View/Middleware/ShareErrorsFromSession.php(49): Illuminate\\Pipeline\\Pipeline->Illuminate\\Pipeline\\{closure}()
#35 /home/aline/Área de Trabalho/Pecris/Atividade_CRUD/money_blog/vendor/laravel/framework/src/Illuminate/Pipeline/Pipeline.php(180): Illuminate\\View\\Middleware\\ShareErrorsFromSession->handle()
#36 /home/aline/Área de Trabalho/Pecris/Atividade_CRUD/money_blog/vendor/laravel/framework/src/Illuminate/Session/Middleware/StartSession.php(121): Illuminate\\Pipeline\\Pipeline->Illuminate\\Pipeline\\{closure}()
#37 /home/aline/Área de Trabalho/Pecris/Atividade_CRUD/money_blog/vendor/laravel/framework/src/Illuminate/Session/Middleware/StartSession.php(64): Illuminate\\Session\\Middleware\\StartSession->handleStatefulRequest()
#38 /home/aline/Área de Trabalho/Pecris/Atividade_CRUD/money_blog/vendor/laravel/framework/src/Illuminate/Pipeline/Pipeline.php(180): Illuminate\\Session\\Middleware\\StartSession->handle()
#39 /home/aline/Área de Trabalho/Pecris/Atividade_CRUD/money_blog/vendor/laravel/framework/src/Illuminate/Cookie/Middleware/AddQueuedCookiesToResponse.php(37): Illuminate\\Pipeline\\Pipeline->Illuminate\\Pipeline\\{closure}()
#40 /home/aline/Área de Trabalho/Pecris/Atividade_CRUD/money_blog/vendor/laravel/framework/src/Illuminate/Pipeline/Pipeline.php(180): Illuminate\\Cookie\\Middleware\\AddQueuedCookiesToResponse->handle()
#41 /home/aline/Área de Trabalho/Pecris/Atividade_CRUD/money_blog/vendor/laravel/framework/src/Illuminate/Cookie/Middleware/EncryptCookies.php(67): Illuminate\\Pipeline\\Pipeline->Illuminate\\Pipeline\\{closure}()
#42 /home/aline/Área de Trabalho/Pecris/Atividade_CRUD/money_blog/vendor/laravel/framework/src/Illuminate/Pipeline/Pipeline.php(180): Illuminate\\Cookie\\Middleware\\EncryptCookies->handle()
#43 /home/aline/Área de Trabalho/Pecris/Atividade_CRUD/money_blog/vendor/laravel/framework/src/Illuminate/Pipeline/Pipeline.php(116): Illuminate\\Pipeline\\Pipeline->Illuminate\\Pipeline\\{closure}()
#44 /home/aline/Área de Trabalho/Pecris/Atividade_CRUD/money_blog/vendor/laravel/framework/src/Illuminate/Routing/Router.php(799): Illuminate\\Pipeline\\Pipeline->then()
#45 /home/aline/Área de Trabalho/Pecris/Atividade_CRUD/money_blog/vendor/laravel/framework/src/Illuminate/Routing/Router.php(776): Illuminate\\Routing\\Router->runRouteWithinStack()
#46 /home/aline/Área de Trabalho/Pecris/Atividade_CRUD/money_blog/vendor/laravel/framework/src/Illuminate/Routing/Router.php(740): Illuminate\\Routing\\Router->runRoute()
#47 /home/aline/Área de Trabalho/Pecris/Atividade_CRUD/money_blog/vendor/laravel/framework/src/Illuminate/Routing/Router.php(729): Illuminate\\Routing\\Router->dispatchToRoute()
#48 /home/aline/Área de Trabalho/Pecris/Atividade_CRUD/money_blog/vendor/laravel/framework/src/Illuminate/Foundation/Http/Kernel.php(190): Illuminate\\Routing\\Router->dispatch()
#49 /home/aline/Área de Trabalho/Pecris/Atividade_CRUD/money_blog/vendor/laravel/framework/src/Illuminate/Pipeline/Pipeline.php(141): Illuminate\\Foundation\\Http\\Kernel->Illuminate\\Foundation\\Http\\{closure}()
#50 /home/aline/Área de Trabalho/Pecris/Atividade_CRUD/money_blog/vendor/laravel/framework/src/Illuminate/Foundation/Http/Middleware/TransformsRequest.php(21): Illuminate\\Pipeline\\Pipeline->Illuminate\\Pipeline\\{closure}()
#51 /home/aline/Área de Trabalho/Pecris/Atividade_CRUD/money_blog/vendor/laravel/framework/src/Illuminate/Foundation/Http/Middleware/ConvertEmptyStringsToNull.php(31): Illuminate\\Foundation\\Http\\Middleware\\TransformsRequest->handle()
#52 /home/aline/Área de Trabalho/Pecris/Atividade_CRUD/money_blog/vendor/laravel/framework/src/Illuminate/Pipeline/Pipeline.php(180): Illuminate\\Foundation\\Http\\Middleware\\ConvertEmptyStringsToNull->handle()
#53 /home/aline/Área de Trabalho/Pecris/Atividade_CRUD/money_blog/vendor/laravel/framework/src/Illuminate/Foundation/Http/Middleware/TransformsRequest.php(21): Illuminate\\Pipeline\\Pipeline->Illuminate\\Pipeline\\{closure}()
#54 /home/aline/Área de Trabalho/Pecris/Atividade_CRUD/money_blog/vendor/laravel/framework/src/Illuminate/Foundation/Http/Middleware/TrimStrings.php(40): Illuminate\\Foundation\\Http\\Middleware\\TransformsRequest->handle()
#55 /home/aline/Área de Trabalho/Pecris/Atividade_CRUD/money_blog/vendor/laravel/framework/src/Illuminate/Pipeline/Pipeline.php(180): Illuminate\\Foundation\\Http\\Middleware\\TrimStrings->handle()
#56 /home/aline/Área de Trabalho/Pecris/Atividade_CRUD/money_blog/vendor/laravel/framework/src/Illuminate/Foundation/Http/Middleware/ValidatePostSize.php(27): Illuminate\\Pipeline\\Pipeline->Illuminate\\Pipeline\\{closure}()
#57 /home/aline/Área de Trabalho/Pecris/Atividade_CRUD/money_blog/vendor/laravel/framework/src/Illuminate/Pipeline/Pipeline.php(180): Illuminate\\Foundation\\Http\\Middleware\\ValidatePostSize->handle()
#58 /home/aline/Área de Trabalho/Pecris/Atividade_CRUD/money_blog/vendor/laravel/framework/src/Illuminate/Foundation/Http/Middleware/PreventRequestsDuringMaintenance.php(86): Illuminate\\Pipeline\\Pipeline->Illuminate\\Pipeline\\{closure}()
#59 /home/aline/Área de Trabalho/Pecris/Atividade_CRUD/money_blog/vendor/laravel/framework/src/Illuminate/Pipeline/Pipeline.php(180): Illuminate\\Foundation\\Http\\Middleware\\PreventRequestsDuringMaintenance->handle()
#60 /home/aline/Área de Trabalho/Pecris/Atividade_CRUD/money_blog/vendor/laravel/framework/src/Illuminate/Http/Middleware/HandleCors.php(49): Illuminate\\Pipeline\\Pipeline->Illuminate\\Pipeline\\{closure}()
#61 /home/aline/Área de Trabalho/Pecris/Atividade_CRUD/money_blog/vendor/laravel/framework/src/Illuminate/Pipeline/Pipeline.php(180): Illuminate\\Http\\Middleware\\HandleCors->handle()
#62 /home/aline/Área de Trabalho/Pecris/Atividade_CRUD/money_blog/vendor/laravel/framework/src/Illuminate/Http/Middleware/TrustProxies.php(39): Illuminate\\Pipeline\\Pipeline->Illuminate\\Pipeline\\{closure}()
#63 /home/aline/Área de Trabalho/Pecris/Atividade_CRUD/money_blog/vendor/laravel/framework/src/Illuminate/Pipeline/Pipeline.php(180): Illuminate\\Http\\Middleware\\TrustProxies->handle()
#64 /home/aline/Área de Trabalho/Pecris/Atividade_CRUD/money_blog/vendor/laravel/framework/src/Illuminate/Pipeline/Pipeline.php(116): Illuminate\\Pipeline\\Pipeline->Illuminate\\Pipeline\\{closure}()
#65 /home/aline/Área de Trabalho/Pecris/Atividade_CRUD/money_blog/vendor/laravel/framework/src/Illuminate/Foundation/Http/Kernel.php(165): Illuminate\\Pipeline\\Pipeline->then()
#66 /home/aline/Área de Trabalho/Pecris/Atividade_CRUD/money_blog/vendor/laravel/framework/src/Illuminate/Foundation/Http/Kernel.php(134): Illuminate\\Foundation\\Http\\Kernel->sendRequestThroughRouter()
#67 /home/aline/Área de Trabalho/Pecris/Atividade_CRUD/money_blog/public/index.php(52): Illuminate\\Foundation\\Http\\Kernel->handle()
#68 /home/aline/Área de Trabalho/Pecris/Atividade_CRUD/money_blog/vendor/laravel/framework/src/Illuminate/Foundation/resources/server.php(16): require_once('...')
#69 {main}
"} 
